  main.cpp
C:\Users\ac\Desktop\Gloomy.cc-Fortnite-master\Gloomy.cc-Fortnite-master\utils.hpp(62,29): warning C4244: 'argument': conversion from 'uintptr_t' to 'ULONG', possible loss of data
C:\Users\ac\Desktop\Gloomy.cc-Fortnite-master\Gloomy.cc-Fortnite-master\utils.hpp(84,48): warning C4267: 'argument': conversion from 'size_t' to 'DWORD', possible loss of data
C:\Users\ac\Desktop\Gloomy.cc-Fortnite-master\Gloomy.cc-Fortnite-master\utils.hpp(84,16): warning C4244: 'argument': conversion from 'uintptr_t' to 'ULONG', possible loss of data
C:\Users\ac\Desktop\Gloomy.cc-Fortnite-master\Gloomy.cc-Fortnite-master\utils.hpp(91,52): warning C4267: 'argument': conversion from 'size_t' to 'DWORD', possible loss of data
C:\Users\ac\Desktop\Gloomy.cc-Fortnite-master\Gloomy.cc-Fortnite-master\utils.hpp(91,16): warning C4244: 'argument': conversion from 'uintptr_t' to 'ULONG', possible loss of data
C:\Users\ac\Desktop\Gloomy.cc-Fortnite-master\Gloomy.cc-Fortnite-master\utils.hpp(98,16): warning C4244: 'argument': conversion from 'uintptr_t' to 'ULONG', possible loss of data
C:\Users\ac\Desktop\Gloomy.cc-Fortnite-master\Gloomy.cc-Fortnite-master\utils.hpp(337,2): warning C4091: 'static ': ignored on left of 'Vector3' when no variable is declared
C:\Users\ac\Desktop\Gloomy.cc-Fortnite-master\Gloomy.cc-Fortnite-master\utils.hpp(319,32): warning C4244: 'argument': conversion from 'double' to 'float', possible loss of data
C:\Users\ac\Desktop\Gloomy.cc-Fortnite-master\Gloomy.cc-Fortnite-master\utils.hpp(319,53): warning C4244: 'argument': conversion from 'double' to 'float', possible loss of data
C:\Users\ac\Desktop\Gloomy.cc-Fortnite-master\Gloomy.cc-Fortnite-master\utils.hpp(319,74): warning C4244: 'argument': conversion from 'double' to 'float', possible loss of data
C:\Users\ac\Desktop\Gloomy.cc-Fortnite-master\Gloomy.cc-Fortnite-master\utils.hpp(375,22): warning C4244: '=': conversion from 'double' to 'float', possible loss of data
C:\Users\ac\Desktop\Gloomy.cc-Fortnite-master\Gloomy.cc-Fortnite-master\utils.hpp(376,22): warning C4244: '=': conversion from 'double' to 'float', possible loss of data
C:\Users\ac\Desktop\Gloomy.cc-Fortnite-master\Gloomy.cc-Fortnite-master\utils.hpp(377,22): warning C4244: '=': conversion from 'double' to 'float', possible loss of data
C:\Users\ac\Desktop\Gloomy.cc-Fortnite-master\Gloomy.cc-Fortnite-master\utils.hpp(386,32): warning C4244: '=': conversion from 'double' to 'float', possible loss of data
C:\Users\ac\Desktop\Gloomy.cc-Fortnite-master\Gloomy.cc-Fortnite-master\utils.hpp(387,32): warning C4244: '=': conversion from 'double' to 'float', possible loss of data
C:\Users\ac\Desktop\Gloomy.cc-Fortnite-master\Gloomy.cc-Fortnite-master\utils.hpp(388,32): warning C4244: '=': conversion from 'double' to 'float', possible loss of data
C:\Users\ac\Desktop\Gloomy.cc-Fortnite-master\Gloomy.cc-Fortnite-master\utils.hpp(392,23): warning C4244: '=': conversion from 'double' to 'float', possible loss of data
C:\Users\ac\Desktop\Gloomy.cc-Fortnite-master\Gloomy.cc-Fortnite-master\utils.hpp(393,23): warning C4244: '=': conversion from 'double' to 'float', possible loss of data
C:\Users\ac\Desktop\Gloomy.cc-Fortnite-master\Gloomy.cc-Fortnite-master\utils.hpp(397,23): warning C4244: '=': conversion from 'double' to 'float', possible loss of data
C:\Users\ac\Desktop\Gloomy.cc-Fortnite-master\Gloomy.cc-Fortnite-master\utils.hpp(398,23): warning C4244: '=': conversion from 'double' to 'float', possible loss of data
C:\Users\ac\Desktop\Gloomy.cc-Fortnite-master\Gloomy.cc-Fortnite-master\utils.hpp(402,23): warning C4244: '=': conversion from 'double' to 'float', possible loss of data
C:\Users\ac\Desktop\Gloomy.cc-Fortnite-master\Gloomy.cc-Fortnite-master\utils.hpp(403,23): warning C4244: '=': conversion from 'double' to 'float', possible loss of data
C:\Users\ac\Desktop\Gloomy.cc-Fortnite-master\Gloomy.cc-Fortnite-master\utils.hpp(436,17): warning C4244: 'initializing': conversion from 'double' to 'float', possible loss of data
C:\Users\ac\Desktop\Gloomy.cc-Fortnite-master\Gloomy.cc-Fortnite-master\utils.hpp(437,15): warning C4244: 'initializing': conversion from 'double' to 'float', possible loss of data
C:\Users\ac\Desktop\Gloomy.cc-Fortnite-master\Gloomy.cc-Fortnite-master\utils.hpp(438,16): warning C4244: 'initializing': conversion from 'double' to 'float', possible loss of data
C:\Users\ac\Desktop\Gloomy.cc-Fortnite-master\Gloomy.cc-Fortnite-master\utils.hpp(463,25): warning C4244: '=': conversion from 'double' to 'float', possible loss of data
C:\Users\ac\Desktop\Gloomy.cc-Fortnite-master\Gloomy.cc-Fortnite-master\utils.hpp(464,25): warning C4244: '=': conversion from 'double' to 'float', possible loss of data
C:\Users\ac\Desktop\Gloomy.cc-Fortnite-master\Gloomy.cc-Fortnite-master\utils.hpp(465,25): warning C4244: '=': conversion from 'double' to 'float', possible loss of data
C:\Users\ac\Desktop\Gloomy.cc-Fortnite-master\Gloomy.cc-Fortnite-master\utils.hpp(480,14): warning C4244: 'initializing': conversion from 'int' to 'float', possible loss of data
C:\Users\ac\Desktop\Gloomy.cc-Fortnite-master\Gloomy.cc-Fortnite-master\utils.hpp(480,54): warning C4244: 'initializing': conversion from 'int' to 'float', possible loss of data
C:\Users\ac\Desktop\Gloomy.cc-Fortnite-master\Gloomy.cc-Fortnite-master\decryption.asm(47,13): warning C4244: '=': conversion from '__int64' to 'int', possible loss of data
C:\Users\ac\Desktop\Gloomy.cc-Fortnite-master\Gloomy.cc-Fortnite-master\utils.hpp(853,31): warning C4267: 'initializing': conversion from 'size_t' to 'int', possible loss of data
C:\Users\ac\Desktop\Gloomy.cc-Fortnite-master\Gloomy.cc-Fortnite-master\utils.hpp(884,9): warning C4244: '=': conversion from 'float' to 'int', possible loss of data
C:\Users\ac\Desktop\Gloomy.cc-Fortnite-master\Gloomy.cc-Fortnite-master\utils.hpp(885,9): warning C4244: '=': conversion from 'float' to 'int', possible loss of data
C:\Users\ac\Desktop\Gloomy.cc-Fortnite-master\Gloomy.cc-Fortnite-master\utils.hpp(889,84): warning C4244: 'argument': conversion from 'int' to 'float', possible loss of data
C:\Users\ac\Desktop\Gloomy.cc-Fortnite-master\Gloomy.cc-Fortnite-master\utils.hpp(889,77): warning C4244: 'argument': conversion from 'int' to 'float', possible loss of data
C:\Users\ac\Desktop\Gloomy.cc-Fortnite-master\Gloomy.cc-Fortnite-master\utils.hpp(890,84): warning C4244: 'argument': conversion from 'int' to 'float', possible loss of data
C:\Users\ac\Desktop\Gloomy.cc-Fortnite-master\Gloomy.cc-Fortnite-master\utils.hpp(890,77): warning C4244: 'argument': conversion from 'int' to 'float', possible loss of data
C:\Users\ac\Desktop\Gloomy.cc-Fortnite-master\Gloomy.cc-Fortnite-master\utils.hpp(891,84): warning C4244: 'argument': conversion from 'int' to 'float', possible loss of data
C:\Users\ac\Desktop\Gloomy.cc-Fortnite-master\Gloomy.cc-Fortnite-master\utils.hpp(891,77): warning C4244: 'argument': conversion from 'int' to 'float', possible loss of data
C:\Users\ac\Desktop\Gloomy.cc-Fortnite-master\Gloomy.cc-Fortnite-master\utils.hpp(892,84): warning C4244: 'argument': conversion from 'int' to 'float', possible loss of data
C:\Users\ac\Desktop\Gloomy.cc-Fortnite-master\Gloomy.cc-Fortnite-master\utils.hpp(892,77): warning C4244: 'argument': conversion from 'int' to 'float', possible loss of data
C:\Users\ac\Desktop\Gloomy.cc-Fortnite-master\Gloomy.cc-Fortnite-master\utils.hpp(894,181): warning C4244: 'argument': conversion from 'double' to 'float', possible loss of data
C:\Users\ac\Desktop\Gloomy.cc-Fortnite-master\Gloomy.cc-Fortnite-master\utils.hpp(894,164): warning C4244: 'argument': conversion from 'double' to 'float', possible loss of data
C:\Users\ac\Desktop\Gloomy.cc-Fortnite-master\Gloomy.cc-Fortnite-master\utils.hpp(894,146): warning C4244: 'argument': conversion from 'double' to 'float', possible loss of data
C:\Users\ac\Desktop\Gloomy.cc-Fortnite-master\Gloomy.cc-Fortnite-master\utils.hpp(894,128): warning C4244: 'argument': conversion from 'double' to 'float', possible loss of data
C:\Users\ac\Desktop\Gloomy.cc-Fortnite-master\Gloomy.cc-Fortnite-master\utils.hpp(894,77): warning C4244: 'argument': conversion from 'int' to 'float', possible loss of data
C:\Users\ac\Desktop\Gloomy.cc-Fortnite-master\Gloomy.cc-Fortnite-master\utils.hpp(894,74): warning C4244: 'argument': conversion from 'int' to 'float', possible loss of data
C:\Users\ac\Desktop\Gloomy.cc-Fortnite-master\Gloomy.cc-Fortnite-master\utils.hpp(899,181): warning C4244: 'argument': conversion from 'double' to 'float', possible loss of data
C:\Users\ac\Desktop\Gloomy.cc-Fortnite-master\Gloomy.cc-Fortnite-master\utils.hpp(899,164): warning C4244: 'argument': conversion from 'double' to 'float', possible loss of data
C:\Users\ac\Desktop\Gloomy.cc-Fortnite-master\Gloomy.cc-Fortnite-master\utils.hpp(899,146): warning C4244: 'argument': conversion from 'double' to 'float', possible loss of data
C:\Users\ac\Desktop\Gloomy.cc-Fortnite-master\Gloomy.cc-Fortnite-master\utils.hpp(899,128): warning C4244: 'argument': conversion from 'double' to 'float', possible loss of data
C:\Users\ac\Desktop\Gloomy.cc-Fortnite-master\Gloomy.cc-Fortnite-master\utils.hpp(899,75): warning C4244: 'argument': conversion from 'int' to 'float', possible loss of data
C:\Users\ac\Desktop\Gloomy.cc-Fortnite-master\Gloomy.cc-Fortnite-master\utils.hpp(899,68): warning C4244: 'argument': conversion from 'int' to 'float', possible loss of data
C:\Users\ac\Desktop\Gloomy.cc-Fortnite-master\Gloomy.cc-Fortnite-master\utils.hpp(899,55): warning C4244: 'argument': conversion from 'int' to 'float', possible loss of data
C:\Users\ac\Desktop\Gloomy.cc-Fortnite-master\Gloomy.cc-Fortnite-master\utils.hpp(899,52): warning C4244: 'argument': conversion from 'int' to 'float', possible loss of data
C:\Users\ac\Desktop\Gloomy.cc-Fortnite-master\Gloomy.cc-Fortnite-master\utils.hpp(915,170): warning C4244: 'argument': conversion from 'double' to 'float', possible loss of data
C:\Users\ac\Desktop\Gloomy.cc-Fortnite-master\Gloomy.cc-Fortnite-master\utils.hpp(915,152): warning C4244: 'argument': conversion from 'double' to 'float', possible loss of data
C:\Users\ac\Desktop\Gloomy.cc-Fortnite-master\Gloomy.cc-Fortnite-master\utils.hpp(915,134): warning C4244: 'argument': conversion from 'double' to 'float', possible loss of data
C:\Users\ac\Desktop\Gloomy.cc-Fortnite-master\Gloomy.cc-Fortnite-master\utils.hpp(915,116): warning C4244: 'argument': conversion from 'double' to 'float', possible loss of data
C:\Users\ac\Desktop\Gloomy.cc-Fortnite-master\Gloomy.cc-Fortnite-master\utils.hpp(915,61): warning C4244: 'argument': conversion from 'int' to 'float', possible loss of data
C:\Users\ac\Desktop\Gloomy.cc-Fortnite-master\Gloomy.cc-Fortnite-master\utils.hpp(915,57): warning C4244: 'argument': conversion from 'int' to 'float', possible loss of data
C:\Users\ac\Desktop\Gloomy.cc-Fortnite-master\Gloomy.cc-Fortnite-master\utils.hpp(915,54): warning C4244: 'argument': conversion from 'int' to 'float', possible loss of data
C:\Users\ac\Desktop\Gloomy.cc-Fortnite-master\Gloomy.cc-Fortnite-master\utils.hpp(930,163): warning C4244: 'argument': conversion from 'double' to 'float', possible loss of data
C:\Users\ac\Desktop\Gloomy.cc-Fortnite-master\Gloomy.cc-Fortnite-master\utils.hpp(930,146): warning C4244: 'argument': conversion from 'double' to 'float', possible loss of data
C:\Users\ac\Desktop\Gloomy.cc-Fortnite-master\Gloomy.cc-Fortnite-master\utils.hpp(930,128): warning C4244: 'argument': conversion from 'double' to 'float', possible loss of data
C:\Users\ac\Desktop\Gloomy.cc-Fortnite-master\Gloomy.cc-Fortnite-master\utils.hpp(930,110): warning C4244: 'argument': conversion from 'double' to 'float', possible loss of data
C:\Users\ac\Desktop\Gloomy.cc-Fortnite-master\Gloomy.cc-Fortnite-master\utils.hpp(930,55): warning C4244: 'argument': conversion from 'int' to 'float', possible loss of data
C:\Users\ac\Desktop\Gloomy.cc-Fortnite-master\Gloomy.cc-Fortnite-master\utils.hpp(930,51): warning C4244: 'argument': conversion from 'int' to 'float', possible loss of data
C:\Users\ac\Desktop\Gloomy.cc-Fortnite-master\Gloomy.cc-Fortnite-master\utils.hpp(930,48): warning C4244: 'argument': conversion from 'int' to 'float', possible loss of data
C:\Users\ac\Desktop\Gloomy.cc-Fortnite-master\Gloomy.cc-Fortnite-master\utils.hpp(935,171): warning C4244: 'argument': conversion from 'double' to 'float', possible loss of data
C:\Users\ac\Desktop\Gloomy.cc-Fortnite-master\Gloomy.cc-Fortnite-master\utils.hpp(935,154): warning C4244: 'argument': conversion from 'double' to 'float', possible loss of data
C:\Users\ac\Desktop\Gloomy.cc-Fortnite-master\Gloomy.cc-Fortnite-master\utils.hpp(935,136): warning C4244: 'argument': conversion from 'double' to 'float', possible loss of data
C:\Users\ac\Desktop\Gloomy.cc-Fortnite-master\Gloomy.cc-Fortnite-master\utils.hpp(935,118): warning C4244: 'argument': conversion from 'double' to 'float', possible loss of data
C:\Users\ac\Desktop\Gloomy.cc-Fortnite-master\Gloomy.cc-Fortnite-master\utils.hpp(935,182): warning C4244: 'argument': conversion from 'int' to 'float', possible loss of data
C:\Users\ac\Desktop\Gloomy.cc-Fortnite-master\Gloomy.cc-Fortnite-master\utils.hpp(935,66): warning C4244: 'argument': conversion from 'int' to 'float', possible loss of data
C:\Users\ac\Desktop\Gloomy.cc-Fortnite-master\Gloomy.cc-Fortnite-master\utils.hpp(935,62): warning C4244: 'argument': conversion from 'int' to 'float', possible loss of data
C:\Users\ac\Desktop\Gloomy.cc-Fortnite-master\Gloomy.cc-Fortnite-master\utils.hpp(935,50): warning C4244: 'argument': conversion from 'int' to 'float', possible loss of data
C:\Users\ac\Desktop\Gloomy.cc-Fortnite-master\Gloomy.cc-Fortnite-master\utils.hpp(935,46): warning C4244: 'argument': conversion from 'int' to 'float', possible loss of data
C:\Users\ac\Desktop\Gloomy.cc-Fortnite-master\Gloomy.cc-Fortnite-master\utils.hpp(942,78): warning C4244: 'initializing': conversion from 'float' to 'int', possible loss of data
C:\Users\ac\Desktop\Gloomy.cc-Fortnite-master\Gloomy.cc-Fortnite-master\utils.hpp(975,24): warning C4244: 'argument': conversion from 'double' to 'float', possible loss of data
C:\Users\ac\Desktop\Gloomy.cc-Fortnite-master\Gloomy.cc-Fortnite-master\utils.hpp(975,46): warning C4244: 'argument': conversion from 'double' to 'float', possible loss of data
C:\Users\ac\Desktop\Gloomy.cc-Fortnite-master\Gloomy.cc-Fortnite-master\utils.hpp(984,74): warning C4267: 'argument': conversion from 'size_t' to 'int', possible loss of data
C:\Users\ac\Desktop\Gloomy.cc-Fortnite-master\Gloomy.cc-Fortnite-master\utils.hpp(1009,154): warning C4244: 'argument': conversion from 'double' to 'float', possible loss of data
C:\Users\ac\Desktop\Gloomy.cc-Fortnite-master\Gloomy.cc-Fortnite-master\utils.hpp(1009,136): warning C4244: 'argument': conversion from 'double' to 'float', possible loss of data
C:\Users\ac\Desktop\Gloomy.cc-Fortnite-master\Gloomy.cc-Fortnite-master\utils.hpp(1009,118): warning C4244: 'argument': conversion from 'double' to 'float', possible loss of data
C:\Users\ac\Desktop\Gloomy.cc-Fortnite-master\Gloomy.cc-Fortnite-master\utils.hpp(1009,100): warning C4244: 'argument': conversion from 'double' to 'float', possible loss of data
C:\Users\ac\Desktop\Gloomy.cc-Fortnite-master\Gloomy.cc-Fortnite-master\utils.hpp(1009,49): warning C4244: 'argument': conversion from 'int' to 'float', possible loss of data
C:\Users\ac\Desktop\Gloomy.cc-Fortnite-master\Gloomy.cc-Fortnite-master\utils.hpp(1009,46): warning C4244: 'argument': conversion from 'int' to 'float', possible loss of data
C:\Users\ac\Desktop\Gloomy.cc-Fortnite-master\Gloomy.cc-Fortnite-master\utils.hpp(1013,14): warning C4244: 'initializing': conversion from 'int' to 'float', possible loss of data
C:\Users\ac\Desktop\Gloomy.cc-Fortnite-master\Gloomy.cc-Fortnite-master\utils.hpp(1014,14): warning C4244: 'initializing': conversion from 'int' to 'float', possible loss of data
C:\Users\ac\Desktop\Gloomy.cc-Fortnite-master\Gloomy.cc-Fortnite-master\utils.hpp(1017,102): warning C4244: 'argument': conversion from 'int' to 'float', possible loss of data
C:\Users\ac\Desktop\Gloomy.cc-Fortnite-master\Gloomy.cc-Fortnite-master\utils.hpp(1017,60): warning C4244: 'argument': conversion from 'int' to 'float', possible loss of data
C:\Users\ac\Desktop\Gloomy.cc-Fortnite-master\Gloomy.cc-Fortnite-master\utils.hpp(1017,49): warning C4244: 'argument': conversion from 'int' to 'float', possible loss of data
C:\Users\ac\Desktop\Gloomy.cc-Fortnite-master\Gloomy.cc-Fortnite-master\utils.hpp(1017,46): warning C4244: 'argument': conversion from 'int' to 'float', possible loss of data
C:\Users\ac\Desktop\Gloomy.cc-Fortnite-master\Gloomy.cc-Fortnite-master\utils.hpp(1018,102): warning C4244: 'argument': conversion from 'int' to 'float', possible loss of data
C:\Users\ac\Desktop\Gloomy.cc-Fortnite-master\Gloomy.cc-Fortnite-master\utils.hpp(1018,71): warning C4244: 'argument': conversion from 'int' to 'float', possible loss of data
C:\Users\ac\Desktop\Gloomy.cc-Fortnite-master\Gloomy.cc-Fortnite-master\utils.hpp(1018,49): warning C4244: 'argument': conversion from 'int' to 'float', possible loss of data
C:\Users\ac\Desktop\Gloomy.cc-Fortnite-master\Gloomy.cc-Fortnite-master\utils.hpp(1018,46): warning C4244: 'argument': conversion from 'int' to 'float', possible loss of data
C:\Users\ac\Desktop\Gloomy.cc-Fortnite-master\Gloomy.cc-Fortnite-master\utils.hpp(1019,110): warning C4244: 'argument': conversion from 'int' to 'float', possible loss of data
C:\Users\ac\Desktop\Gloomy.cc-Fortnite-master\Gloomy.cc-Fortnite-master\utils.hpp(1019,79): warning C4244: 'argument': conversion from 'int' to 'float', possible loss of data
C:\Users\ac\Desktop\Gloomy.cc-Fortnite-master\Gloomy.cc-Fortnite-master\utils.hpp(1019,74): warning C4244: 'argument': conversion from 'int' to 'float', possible loss of data
C:\Users\ac\Desktop\Gloomy.cc-Fortnite-master\Gloomy.cc-Fortnite-master\utils.hpp(1019,61): warning C4244: 'argument': conversion from 'int' to 'float', possible loss of data
C:\Users\ac\Desktop\Gloomy.cc-Fortnite-master\Gloomy.cc-Fortnite-master\utils.hpp(1020,110): warning C4244: 'argument': conversion from 'int' to 'float', possible loss of data
C:\Users\ac\Desktop\Gloomy.cc-Fortnite-master\Gloomy.cc-Fortnite-master\utils.hpp(1020,66): warning C4244: 'argument': conversion from 'int' to 'float', possible loss of data
C:\Users\ac\Desktop\Gloomy.cc-Fortnite-master\Gloomy.cc-Fortnite-master\utils.hpp(1020,53): warning C4244: 'argument': conversion from 'int' to 'float', possible loss of data
C:\Users\ac\Desktop\Gloomy.cc-Fortnite-master\Gloomy.cc-Fortnite-master\utils.hpp(1020,48): warning C4244: 'argument': conversion from 'int' to 'float', possible loss of data
C:\Users\ac\Desktop\Gloomy.cc-Fortnite-master\Gloomy.cc-Fortnite-master\utils.hpp(1021,110): warning C4244: 'argument': conversion from 'int' to 'float', possible loss of data
C:\Users\ac\Desktop\Gloomy.cc-Fortnite-master\Gloomy.cc-Fortnite-master\utils.hpp(1021,77): warning C4244: 'argument': conversion from 'int' to 'float', possible loss of data
C:\Users\ac\Desktop\Gloomy.cc-Fortnite-master\Gloomy.cc-Fortnite-master\utils.hpp(1021,72): warning C4244: 'argument': conversion from 'int' to 'float', possible loss of data
C:\Users\ac\Desktop\Gloomy.cc-Fortnite-master\Gloomy.cc-Fortnite-master\utils.hpp(1021,46): warning C4244: 'argument': conversion from 'int' to 'float', possible loss of data
C:\Users\ac\Desktop\Gloomy.cc-Fortnite-master\Gloomy.cc-Fortnite-master\utils.hpp(1022,110): warning C4244: 'argument': conversion from 'int' to 'float', possible loss of data
C:\Users\ac\Desktop\Gloomy.cc-Fortnite-master\Gloomy.cc-Fortnite-master\utils.hpp(1022,77): warning C4244: 'argument': conversion from 'int' to 'float', possible loss of data
C:\Users\ac\Desktop\Gloomy.cc-Fortnite-master\Gloomy.cc-Fortnite-master\utils.hpp(1022,51): warning C4244: 'argument': conversion from 'int' to 'float', possible loss of data
C:\Users\ac\Desktop\Gloomy.cc-Fortnite-master\Gloomy.cc-Fortnite-master\utils.hpp(1022,46): warning C4244: 'argument': conversion from 'int' to 'float', possible loss of data
C:\Users\ac\Desktop\Gloomy.cc-Fortnite-master\Gloomy.cc-Fortnite-master\utils.hpp(1023,118): warning C4244: 'argument': conversion from 'int' to 'float', possible loss of data
C:\Users\ac\Desktop\Gloomy.cc-Fortnite-master\Gloomy.cc-Fortnite-master\utils.hpp(1023,85): warning C4244: 'argument': conversion from 'int' to 'float', possible loss of data
C:\Users\ac\Desktop\Gloomy.cc-Fortnite-master\Gloomy.cc-Fortnite-master\utils.hpp(1023,78): warning C4244: 'argument': conversion from 'int' to 'float', possible loss of data
C:\Users\ac\Desktop\Gloomy.cc-Fortnite-master\Gloomy.cc-Fortnite-master\utils.hpp(1023,63): warning C4244: 'argument': conversion from 'int' to 'float', possible loss of data
C:\Users\ac\Desktop\Gloomy.cc-Fortnite-master\Gloomy.cc-Fortnite-master\utils.hpp(1024,118): warning C4244: 'argument': conversion from 'int' to 'float', possible loss of data
C:\Users\ac\Desktop\Gloomy.cc-Fortnite-master\Gloomy.cc-Fortnite-master\utils.hpp(1024,85): warning C4244: 'argument': conversion from 'int' to 'float', possible loss of data
C:\Users\ac\Desktop\Gloomy.cc-Fortnite-master\Gloomy.cc-Fortnite-master\utils.hpp(1024,78): warning C4244: 'argument': conversion from 'int' to 'float', possible loss of data
C:\Users\ac\Desktop\Gloomy.cc-Fortnite-master\Gloomy.cc-Fortnite-master\utils.hpp(1024,48): warning C4244: 'argument': conversion from 'int' to 'float', possible loss of data
C:\Users\ac\Desktop\Gloomy.cc-Fortnite-master\Gloomy.cc-Fortnite-master\utils.hpp(1055,2): warning C4091: 'static ': ignored on left of 'CKey' when no variable is declared
C:\Users\ac\Desktop\Gloomy.cc-Fortnite-master\Gloomy.cc-Fortnite-master\utils.hpp(1064,19): warning C4244: 'initializing': conversion from 'const wchar_t' to 'char', possible loss of data
C:\Users\ac\Desktop\Gloomy.cc-Fortnite-master\Gloomy.cc-Fortnite-master\utils.hpp(1069,40): warning C4244: '=': conversion from 'const wchar_t' to 'char', possible loss of data
C:\Users\ac\Desktop\Gloomy.cc-Fortnite-master\Gloomy.cc-Fortnite-master\utils.hpp(1078,18): warning C4244: 'initializing': conversion from 'const wchar_t' to 'char', possible loss of data
C:\Users\ac\Desktop\Gloomy.cc-Fortnite-master\Gloomy.cc-Fortnite-master\utils.hpp(1103,9): warning C4244: '=': conversion from 'float' to 'int', possible loss of data
C:\Users\ac\Desktop\Gloomy.cc-Fortnite-master\Gloomy.cc-Fortnite-master\utils.hpp(1104,9): warning C4244: '=': conversion from 'float' to 'int', possible loss of data
C:\Users\ac\Desktop\Gloomy.cc-Fortnite-master\Gloomy.cc-Fortnite-master\utils.hpp(1108,84): warning C4244: 'argument': conversion from 'int' to 'float', possible loss of data
C:\Users\ac\Desktop\Gloomy.cc-Fortnite-master\Gloomy.cc-Fortnite-master\utils.hpp(1108,77): warning C4244: 'argument': conversion from 'int' to 'float', possible loss of data
C:\Users\ac\Desktop\Gloomy.cc-Fortnite-master\Gloomy.cc-Fortnite-master\utils.hpp(1109,84): warning C4244: 'argument': conversion from 'int' to 'float', possible loss of data
C:\Users\ac\Desktop\Gloomy.cc-Fortnite-master\Gloomy.cc-Fortnite-master\utils.hpp(1109,77): warning C4244: 'argument': conversion from 'int' to 'float', possible loss of data
C:\Users\ac\Desktop\Gloomy.cc-Fortnite-master\Gloomy.cc-Fortnite-master\utils.hpp(1110,84): warning C4244: 'argument': conversion from 'int' to 'float', possible loss of data
C:\Users\ac\Desktop\Gloomy.cc-Fortnite-master\Gloomy.cc-Fortnite-master\utils.hpp(1110,77): warning C4244: 'argument': conversion from 'int' to 'float', possible loss of data
C:\Users\ac\Desktop\Gloomy.cc-Fortnite-master\Gloomy.cc-Fortnite-master\utils.hpp(1111,84): warning C4244: 'argument': conversion from 'int' to 'float', possible loss of data
C:\Users\ac\Desktop\Gloomy.cc-Fortnite-master\Gloomy.cc-Fortnite-master\utils.hpp(1111,77): warning C4244: 'argument': conversion from 'int' to 'float', possible loss of data
C:\Users\ac\Desktop\Gloomy.cc-Fortnite-master\Gloomy.cc-Fortnite-master\utils.hpp(1113,77): warning C4244: 'argument': conversion from 'int' to 'float', possible loss of data
C:\Users\ac\Desktop\Gloomy.cc-Fortnite-master\Gloomy.cc-Fortnite-master\utils.hpp(1113,74): warning C4244: 'argument': conversion from 'int' to 'float', possible loss of data
C:\Users\ac\Desktop\Gloomy.cc-Fortnite-master\Gloomy.cc-Fortnite-master\main.cpp(125,10): warning C4101: 'm_pFont1': unreferenced local variable
C:\Users\ac\Desktop\Gloomy.cc-Fortnite-master\Gloomy.cc-Fortnite-master\main.cpp(196,21): warning C4018: '<': signed/unsigned mismatch
C:\Users\ac\Desktop\Gloomy.cc-Fortnite-master\Gloomy.cc-Fortnite-master\main.cpp(200,22): warning C4018: '<': signed/unsigned mismatch
C:\Users\ac\Desktop\Gloomy.cc-Fortnite-master\Gloomy.cc-Fortnite-master\main.cpp(205,20): warning C4244: 'initializing': conversion from 'double' to 'float', possible loss of data
C:\Users\ac\Desktop\Gloomy.cc-Fortnite-master\Gloomy.cc-Fortnite-master\main.cpp(257,21): warning C4018: '<': signed/unsigned mismatch
C:\Users\ac\Desktop\Gloomy.cc-Fortnite-master\Gloomy.cc-Fortnite-master\main.cpp(322,20): warning C4244: 'initializing': conversion from 'double' to 'float', possible loss of data
C:\Users\ac\Desktop\Gloomy.cc-Fortnite-master\Gloomy.cc-Fortnite-master\main.cpp(334,52): warning C4244: 'argument': conversion from 'double' to 'int', possible loss of data
C:\Users\ac\Desktop\Gloomy.cc-Fortnite-master\Gloomy.cc-Fortnite-master\main.cpp(334,35): warning C4244: 'argument': conversion from 'double' to 'int', possible loss of data
C:\Users\ac\Desktop\Gloomy.cc-Fortnite-master\Gloomy.cc-Fortnite-master\main.cpp(343,56): warning C4244: 'argument': conversion from 'double' to 'int', possible loss of data
C:\Users\ac\Desktop\Gloomy.cc-Fortnite-master\Gloomy.cc-Fortnite-master\main.cpp(343,37): warning C4244: 'argument': conversion from 'double' to 'int', possible loss of data
C:\Users\ac\Desktop\Gloomy.cc-Fortnite-master\Gloomy.cc-Fortnite-master\main.cpp(354,52): warning C4244: 'argument': conversion from 'double' to 'int', possible loss of data
C:\Users\ac\Desktop\Gloomy.cc-Fortnite-master\Gloomy.cc-Fortnite-master\main.cpp(354,35): warning C4244: 'argument': conversion from 'double' to 'int', possible loss of data
C:\Users\ac\Desktop\Gloomy.cc-Fortnite-master\Gloomy.cc-Fortnite-master\main.cpp(365,52): warning C4244: 'argument': conversion from 'double' to 'int', possible loss of data
C:\Users\ac\Desktop\Gloomy.cc-Fortnite-master\Gloomy.cc-Fortnite-master\main.cpp(365,35): warning C4244: 'argument': conversion from 'double' to 'int', possible loss of data
C:\Users\ac\Desktop\Gloomy.cc-Fortnite-master\Gloomy.cc-Fortnite-master\main.cpp(415,53): warning C4244: 'argument': conversion from 'double' to 'int', possible loss of data
C:\Users\ac\Desktop\Gloomy.cc-Fortnite-master\Gloomy.cc-Fortnite-master\main.cpp(415,36): warning C4244: 'argument': conversion from 'double' to 'int', possible loss of data
C:\Users\ac\Desktop\Gloomy.cc-Fortnite-master\Gloomy.cc-Fortnite-master\main.cpp(452,24): warning C4244: '=': conversion from 'T' to 'float', possible loss of data
          with
          [
              T=double
          ]
C:\Users\ac\Desktop\Gloomy.cc-Fortnite-master\Gloomy.cc-Fortnite-master\main.cpp(509,20): warning C4244: 'initializing': conversion from 'double' to 'float', possible loss of data
C:\Users\ac\Desktop\Gloomy.cc-Fortnite-master\Gloomy.cc-Fortnite-master\main.cpp(510,19): warning C4244: 'initializing': conversion from 'double' to 'float', possible loss of data
C:\Users\ac\Desktop\Gloomy.cc-Fortnite-master\Gloomy.cc-Fortnite-master\main.cpp(522,87): warning C4244: '=': conversion from 'double' to 'float', possible loss of data
C:\Users\ac\Desktop\Gloomy.cc-Fortnite-master\Gloomy.cc-Fortnite-master\main.cpp(536,51): warning C4244: 'argument': conversion from 'double' to 'int', possible loss of data
C:\Users\ac\Desktop\Gloomy.cc-Fortnite-master\Gloomy.cc-Fortnite-master\main.cpp(536,32): warning C4244: 'argument': conversion from 'double' to 'int', possible loss of data
C:\Users\ac\Desktop\Gloomy.cc-Fortnite-master\Gloomy.cc-Fortnite-master\main.cpp(553,52): warning C4244: 'argument': conversion from 'double' to 'int', possible loss of data
C:\Users\ac\Desktop\Gloomy.cc-Fortnite-master\Gloomy.cc-Fortnite-master\main.cpp(553,33): warning C4244: 'argument': conversion from 'double' to 'int', possible loss of data
C:\Users\ac\Desktop\Gloomy.cc-Fortnite-master\Gloomy.cc-Fortnite-master\main.cpp(558,52): warning C4244: 'argument': conversion from 'double' to 'int', possible loss of data
C:\Users\ac\Desktop\Gloomy.cc-Fortnite-master\Gloomy.cc-Fortnite-master\main.cpp(558,33): warning C4244: 'argument': conversion from 'double' to 'int', possible loss of data
C:\Users\ac\Desktop\Gloomy.cc-Fortnite-master\Gloomy.cc-Fortnite-master\main.cpp(563,52): warning C4244: 'argument': conversion from 'double' to 'int', possible loss of data
C:\Users\ac\Desktop\Gloomy.cc-Fortnite-master\Gloomy.cc-Fortnite-master\main.cpp(563,33): warning C4244: 'argument': conversion from 'double' to 'int', possible loss of data
C:\Users\ac\Desktop\Gloomy.cc-Fortnite-master\Gloomy.cc-Fortnite-master\main.cpp(568,52): warning C4244: 'argument': conversion from 'double' to 'int', possible loss of data
C:\Users\ac\Desktop\Gloomy.cc-Fortnite-master\Gloomy.cc-Fortnite-master\main.cpp(568,33): warning C4244: 'argument': conversion from 'double' to 'int', possible loss of data
C:\Users\ac\Desktop\Gloomy.cc-Fortnite-master\Gloomy.cc-Fortnite-master\main.cpp(573,52): warning C4244: 'argument': conversion from 'double' to 'int', possible loss of data
C:\Users\ac\Desktop\Gloomy.cc-Fortnite-master\Gloomy.cc-Fortnite-master\main.cpp(573,33): warning C4244: 'argument': conversion from 'double' to 'int', possible loss of data
C:\Users\ac\Desktop\Gloomy.cc-Fortnite-master\Gloomy.cc-Fortnite-master\main.cpp(594,93): warning C4244: 'argument': conversion from 'double' to 'float', possible loss of data
C:\Users\ac\Desktop\Gloomy.cc-Fortnite-master\Gloomy.cc-Fortnite-master\main.cpp(594,85): warning C4244: 'argument': conversion from 'double' to 'float', possible loss of data
C:\Users\ac\Desktop\Gloomy.cc-Fortnite-master\Gloomy.cc-Fortnite-master\main.cpp(594,69): warning C4244: 'argument': conversion from 'double' to 'float', possible loss of data
C:\Users\ac\Desktop\Gloomy.cc-Fortnite-master\Gloomy.cc-Fortnite-master\main.cpp(594,58): warning C4244: 'argument': conversion from 'double' to 'float', possible loss of data
C:\Users\ac\Desktop\Gloomy.cc-Fortnite-master\Gloomy.cc-Fortnite-master\main.cpp(595,93): warning C4244: 'argument': conversion from 'double' to 'float', possible loss of data
C:\Users\ac\Desktop\Gloomy.cc-Fortnite-master\Gloomy.cc-Fortnite-master\main.cpp(595,85): warning C4244: 'argument': conversion from 'double' to 'float', possible loss of data
C:\Users\ac\Desktop\Gloomy.cc-Fortnite-master\Gloomy.cc-Fortnite-master\main.cpp(595,69): warning C4244: 'argument': conversion from 'double' to 'float', possible loss of data
C:\Users\ac\Desktop\Gloomy.cc-Fortnite-master\Gloomy.cc-Fortnite-master\main.cpp(595,58): warning C4244: 'argument': conversion from 'double' to 'float', possible loss of data
C:\Users\ac\Desktop\Gloomy.cc-Fortnite-master\Gloomy.cc-Fortnite-master\main.cpp(596,93): warning C4244: 'argument': conversion from 'double' to 'float', possible loss of data
C:\Users\ac\Desktop\Gloomy.cc-Fortnite-master\Gloomy.cc-Fortnite-master\main.cpp(596,85): warning C4244: 'argument': conversion from 'double' to 'float', possible loss of data
C:\Users\ac\Desktop\Gloomy.cc-Fortnite-master\Gloomy.cc-Fortnite-master\main.cpp(596,69): warning C4244: 'argument': conversion from 'double' to 'float', possible loss of data
C:\Users\ac\Desktop\Gloomy.cc-Fortnite-master\Gloomy.cc-Fortnite-master\main.cpp(596,58): warning C4244: 'argument': conversion from 'double' to 'float', possible loss of data
C:\Users\ac\Desktop\Gloomy.cc-Fortnite-master\Gloomy.cc-Fortnite-master\main.cpp(597,93): warning C4244: 'argument': conversion from 'double' to 'float', possible loss of data
C:\Users\ac\Desktop\Gloomy.cc-Fortnite-master\Gloomy.cc-Fortnite-master\main.cpp(597,85): warning C4244: 'argument': conversion from 'double' to 'float', possible loss of data
C:\Users\ac\Desktop\Gloomy.cc-Fortnite-master\Gloomy.cc-Fortnite-master\main.cpp(597,69): warning C4244: 'argument': conversion from 'double' to 'float', possible loss of data
C:\Users\ac\Desktop\Gloomy.cc-Fortnite-master\Gloomy.cc-Fortnite-master\main.cpp(597,58): warning C4244: 'argument': conversion from 'double' to 'float', possible loss of data
C:\Users\ac\Desktop\Gloomy.cc-Fortnite-master\Gloomy.cc-Fortnite-master\main.cpp(599,99): warning C4244: 'argument': conversion from 'double' to 'float', possible loss of data
C:\Users\ac\Desktop\Gloomy.cc-Fortnite-master\Gloomy.cc-Fortnite-master\main.cpp(599,88): warning C4244: 'argument': conversion from 'double' to 'float', possible loss of data
C:\Users\ac\Desktop\Gloomy.cc-Fortnite-master\Gloomy.cc-Fortnite-master\main.cpp(599,69): warning C4244: 'argument': conversion from 'double' to 'float', possible loss of data
C:\Users\ac\Desktop\Gloomy.cc-Fortnite-master\Gloomy.cc-Fortnite-master\main.cpp(599,58): warning C4244: 'argument': conversion from 'double' to 'float', possible loss of data
C:\Users\ac\Desktop\Gloomy.cc-Fortnite-master\Gloomy.cc-Fortnite-master\main.cpp(600,99): warning C4244: 'argument': conversion from 'double' to 'float', possible loss of data
C:\Users\ac\Desktop\Gloomy.cc-Fortnite-master\Gloomy.cc-Fortnite-master\main.cpp(600,88): warning C4244: 'argument': conversion from 'double' to 'float', possible loss of data
C:\Users\ac\Desktop\Gloomy.cc-Fortnite-master\Gloomy.cc-Fortnite-master\main.cpp(600,69): warning C4244: 'argument': conversion from 'double' to 'float', possible loss of data
C:\Users\ac\Desktop\Gloomy.cc-Fortnite-master\Gloomy.cc-Fortnite-master\main.cpp(600,58): warning C4244: 'argument': conversion from 'double' to 'float', possible loss of data
C:\Users\ac\Desktop\Gloomy.cc-Fortnite-master\Gloomy.cc-Fortnite-master\main.cpp(601,99): warning C4244: 'argument': conversion from 'double' to 'float', possible loss of data
C:\Users\ac\Desktop\Gloomy.cc-Fortnite-master\Gloomy.cc-Fortnite-master\main.cpp(601,88): warning C4244: 'argument': conversion from 'double' to 'float', possible loss of data
C:\Users\ac\Desktop\Gloomy.cc-Fortnite-master\Gloomy.cc-Fortnite-master\main.cpp(601,69): warning C4244: 'argument': conversion from 'double' to 'float', possible loss of data
C:\Users\ac\Desktop\Gloomy.cc-Fortnite-master\Gloomy.cc-Fortnite-master\main.cpp(601,58): warning C4244: 'argument': conversion from 'double' to 'float', possible loss of data
C:\Users\ac\Desktop\Gloomy.cc-Fortnite-master\Gloomy.cc-Fortnite-master\main.cpp(602,99): warning C4244: 'argument': conversion from 'double' to 'float', possible loss of data
C:\Users\ac\Desktop\Gloomy.cc-Fortnite-master\Gloomy.cc-Fortnite-master\main.cpp(602,88): warning C4244: 'argument': conversion from 'double' to 'float', possible loss of data
C:\Users\ac\Desktop\Gloomy.cc-Fortnite-master\Gloomy.cc-Fortnite-master\main.cpp(602,69): warning C4244: 'argument': conversion from 'double' to 'float', possible loss of data
C:\Users\ac\Desktop\Gloomy.cc-Fortnite-master\Gloomy.cc-Fortnite-master\main.cpp(602,58): warning C4244: 'argument': conversion from 'double' to 'float', possible loss of data
C:\Users\ac\Desktop\Gloomy.cc-Fortnite-master\Gloomy.cc-Fortnite-master\main.cpp(604,87): warning C4244: 'argument': conversion from 'double' to 'float', possible loss of data
C:\Users\ac\Desktop\Gloomy.cc-Fortnite-master\Gloomy.cc-Fortnite-master\main.cpp(604,79): warning C4244: 'argument': conversion from 'double' to 'float', possible loss of data
C:\Users\ac\Desktop\Gloomy.cc-Fortnite-master\Gloomy.cc-Fortnite-master\main.cpp(604,63): warning C4244: 'argument': conversion from 'double' to 'float', possible loss of data
C:\Users\ac\Desktop\Gloomy.cc-Fortnite-master\Gloomy.cc-Fortnite-master\main.cpp(604,55): warning C4244: 'argument': conversion from 'double' to 'float', possible loss of data
C:\Users\ac\Desktop\Gloomy.cc-Fortnite-master\Gloomy.cc-Fortnite-master\main.cpp(605,87): warning C4244: 'argument': conversion from 'double' to 'float', possible loss of data
C:\Users\ac\Desktop\Gloomy.cc-Fortnite-master\Gloomy.cc-Fortnite-master\main.cpp(605,79): warning C4244: 'argument': conversion from 'double' to 'float', possible loss of data
C:\Users\ac\Desktop\Gloomy.cc-Fortnite-master\Gloomy.cc-Fortnite-master\main.cpp(605,63): warning C4244: 'argument': conversion from 'double' to 'float', possible loss of data
C:\Users\ac\Desktop\Gloomy.cc-Fortnite-master\Gloomy.cc-Fortnite-master\main.cpp(605,55): warning C4244: 'argument': conversion from 'double' to 'float', possible loss of data
C:\Users\ac\Desktop\Gloomy.cc-Fortnite-master\Gloomy.cc-Fortnite-master\main.cpp(606,87): warning C4244: 'argument': conversion from 'double' to 'float', possible loss of data
C:\Users\ac\Desktop\Gloomy.cc-Fortnite-master\Gloomy.cc-Fortnite-master\main.cpp(606,79): warning C4244: 'argument': conversion from 'double' to 'float', possible loss of data
C:\Users\ac\Desktop\Gloomy.cc-Fortnite-master\Gloomy.cc-Fortnite-master\main.cpp(606,63): warning C4244: 'argument': conversion from 'double' to 'float', possible loss of data
C:\Users\ac\Desktop\Gloomy.cc-Fortnite-master\Gloomy.cc-Fortnite-master\main.cpp(606,55): warning C4244: 'argument': conversion from 'double' to 'float', possible loss of data
C:\Users\ac\Desktop\Gloomy.cc-Fortnite-master\Gloomy.cc-Fortnite-master\main.cpp(607,87): warning C4244: 'argument': conversion from 'double' to 'float', possible loss of data
C:\Users\ac\Desktop\Gloomy.cc-Fortnite-master\Gloomy.cc-Fortnite-master\main.cpp(607,79): warning C4244: 'argument': conversion from 'double' to 'float', possible loss of data
C:\Users\ac\Desktop\Gloomy.cc-Fortnite-master\Gloomy.cc-Fortnite-master\main.cpp(607,63): warning C4244: 'argument': conversion from 'double' to 'float', possible loss of data
C:\Users\ac\Desktop\Gloomy.cc-Fortnite-master\Gloomy.cc-Fortnite-master\main.cpp(607,55): warning C4244: 'argument': conversion from 'double' to 'float', possible loss of data
C:\Users\ac\Desktop\Gloomy.cc-Fortnite-master\Gloomy.cc-Fortnite-master\main.cpp(610,65): warning C4244: 'argument': conversion from 'float' to 'int', possible loss of data
C:\Users\ac\Desktop\Gloomy.cc-Fortnite-master\Gloomy.cc-Fortnite-master\main.cpp(610,51): warning C4244: 'argument': conversion from 'double' to 'int', possible loss of data
C:\Users\ac\Desktop\Gloomy.cc-Fortnite-master\Gloomy.cc-Fortnite-master\main.cpp(610,40): warning C4244: 'argument': conversion from 'double' to 'int', possible loss of data
C:\Users\ac\Desktop\Gloomy.cc-Fortnite-master\Gloomy.cc-Fortnite-master\main.cpp(610,29): warning C4244: 'argument': conversion from 'double' to 'int', possible loss of data
C:\Users\ac\Desktop\Gloomy.cc-Fortnite-master\Gloomy.cc-Fortnite-master\main.cpp(610,19): warning C4244: 'argument': conversion from 'double' to 'int', possible loss of data
C:\Users\ac\Desktop\Gloomy.cc-Fortnite-master\Gloomy.cc-Fortnite-master\main.cpp(616,20): warning C4244: 'initializing': conversion from 'double' to 'float', possible loss of data
C:\Users\ac\Desktop\Gloomy.cc-Fortnite-master\Gloomy.cc-Fortnite-master\main.cpp(664,109): warning C4244: 'argument': conversion from 'double' to 'float', possible loss of data
C:\Users\ac\Desktop\Gloomy.cc-Fortnite-master\Gloomy.cc-Fortnite-master\main.cpp(664,71): warning C4244: 'argument': conversion from 'double' to 'float', possible loss of data
C:\Users\ac\Desktop\Gloomy.cc-Fortnite-master\Gloomy.cc-Fortnite-master\main.cpp(670,109): warning C4244: 'argument': conversion from 'double' to 'float', possible loss of data
C:\Users\ac\Desktop\Gloomy.cc-Fortnite-master\Gloomy.cc-Fortnite-master\main.cpp(670,71): warning C4244: 'argument': conversion from 'double' to 'float', possible loss of data
C:\Users\ac\Desktop\Gloomy.cc-Fortnite-master\Gloomy.cc-Fortnite-master\main.cpp(679,73): warning C4244: 'argument': conversion from 'double' to 'float', possible loss of data
C:\Users\ac\Desktop\Gloomy.cc-Fortnite-master\Gloomy.cc-Fortnite-master\main.cpp(679,59): warning C4244: 'argument': conversion from 'double' to 'float', possible loss of data
C:\Users\ac\Desktop\Gloomy.cc-Fortnite-master\Gloomy.cc-Fortnite-master\main.cpp(684,74): warning C4244: 'argument': conversion from 'double' to 'float', possible loss of data
C:\Users\ac\Desktop\Gloomy.cc-Fortnite-master\Gloomy.cc-Fortnite-master\main.cpp(684,61): warning C4244: 'argument': conversion from 'double' to 'float', possible loss of data
C:\Users\ac\Desktop\Gloomy.cc-Fortnite-master\Gloomy.cc-Fortnite-master\main.cpp(686,74): warning C4244: 'argument': conversion from 'double' to 'float', possible loss of data
C:\Users\ac\Desktop\Gloomy.cc-Fortnite-master\Gloomy.cc-Fortnite-master\main.cpp(686,61): warning C4244: 'argument': conversion from 'double' to 'float', possible loss of data
C:\Users\ac\Desktop\Gloomy.cc-Fortnite-master\Gloomy.cc-Fortnite-master\main.cpp(700,92): warning C4244: 'argument': conversion from 'float' to 'int', possible loss of data
C:\Users\ac\Desktop\Gloomy.cc-Fortnite-master\Gloomy.cc-Fortnite-master\main.cpp(700,81): warning C4244: 'argument': conversion from 'float' to 'int', possible loss of data
C:\Users\ac\Desktop\Gloomy.cc-Fortnite-master\Gloomy.cc-Fortnite-master\main.cpp(700,71): warning C4244: 'argument': conversion from 'float' to 'int', possible loss of data
C:\Users\ac\Desktop\Gloomy.cc-Fortnite-master\Gloomy.cc-Fortnite-master\main.cpp(700,67): warning C4244: 'argument': conversion from 'double' to 'int', possible loss of data
C:\Users\ac\Desktop\Gloomy.cc-Fortnite-master\Gloomy.cc-Fortnite-master\main.cpp(700,37): warning C4244: 'argument': conversion from 'double' to 'int', possible loss of data
C:\Users\ac\Desktop\Gloomy.cc-Fortnite-master\Gloomy.cc-Fortnite-master\main.cpp(702,92): warning C4244: 'argument': conversion from 'float' to 'int', possible loss of data
C:\Users\ac\Desktop\Gloomy.cc-Fortnite-master\Gloomy.cc-Fortnite-master\main.cpp(702,81): warning C4244: 'argument': conversion from 'float' to 'int', possible loss of data
C:\Users\ac\Desktop\Gloomy.cc-Fortnite-master\Gloomy.cc-Fortnite-master\main.cpp(702,71): warning C4244: 'argument': conversion from 'float' to 'int', possible loss of data
C:\Users\ac\Desktop\Gloomy.cc-Fortnite-master\Gloomy.cc-Fortnite-master\main.cpp(702,67): warning C4244: 'argument': conversion from 'double' to 'int', possible loss of data
C:\Users\ac\Desktop\Gloomy.cc-Fortnite-master\Gloomy.cc-Fortnite-master\main.cpp(702,37): warning C4244: 'argument': conversion from 'double' to 'int', possible loss of data
C:\Users\ac\Desktop\Gloomy.cc-Fortnite-master\Gloomy.cc-Fortnite-master\main.cpp(708,122): warning C4244: 'argument': conversion from 'double' to 'int', possible loss of data
C:\Users\ac\Desktop\Gloomy.cc-Fortnite-master\Gloomy.cc-Fortnite-master\main.cpp(708,83): warning C4244: 'argument': conversion from 'float' to 'int', possible loss of data
C:\Users\ac\Desktop\Gloomy.cc-Fortnite-master\Gloomy.cc-Fortnite-master\main.cpp(708,73): warning C4244: 'argument': conversion from 'float' to 'int', possible loss of data
C:\Users\ac\Desktop\Gloomy.cc-Fortnite-master\Gloomy.cc-Fortnite-master\main.cpp(708,69): warning C4244: 'argument': conversion from 'double' to 'int', possible loss of data
C:\Users\ac\Desktop\Gloomy.cc-Fortnite-master\Gloomy.cc-Fortnite-master\main.cpp(708,39): warning C4244: 'argument': conversion from 'double' to 'int', possible loss of data
C:\Users\ac\Desktop\Gloomy.cc-Fortnite-master\Gloomy.cc-Fortnite-master\main.cpp(710,124): warning C4244: 'argument': conversion from 'double' to 'int', possible loss of data
C:\Users\ac\Desktop\Gloomy.cc-Fortnite-master\Gloomy.cc-Fortnite-master\main.cpp(710,83): warning C4244: 'argument': conversion from 'float' to 'int', possible loss of data
C:\Users\ac\Desktop\Gloomy.cc-Fortnite-master\Gloomy.cc-Fortnite-master\main.cpp(710,73): warning C4244: 'argument': conversion from 'float' to 'int', possible loss of data
C:\Users\ac\Desktop\Gloomy.cc-Fortnite-master\Gloomy.cc-Fortnite-master\main.cpp(710,69): warning C4244: 'argument': conversion from 'double' to 'int', possible loss of data
C:\Users\ac\Desktop\Gloomy.cc-Fortnite-master\Gloomy.cc-Fortnite-master\main.cpp(710,39): warning C4244: 'argument': conversion from 'double' to 'int', possible loss of data
C:\Users\ac\Desktop\Gloomy.cc-Fortnite-master\Gloomy.cc-Fortnite-master\main.cpp(718,109): warning C4244: 'argument': conversion from 'double' to 'float', possible loss of data
C:\Users\ac\Desktop\Gloomy.cc-Fortnite-master\Gloomy.cc-Fortnite-master\main.cpp(718,71): warning C4244: 'argument': conversion from 'double' to 'float', possible loss of data
C:\Users\ac\Desktop\Gloomy.cc-Fortnite-master\Gloomy.cc-Fortnite-master\main.cpp(765,88): warning C4244: 'argument': conversion from 'float' to 'int', possible loss of data
C:\Users\ac\Desktop\Gloomy.cc-Fortnite-master\Gloomy.cc-Fortnite-master\main.cpp(765,70): warning C4244: 'argument': conversion from 'double' to 'int', possible loss of data
C:\Users\ac\Desktop\Gloomy.cc-Fortnite-master\Gloomy.cc-Fortnite-master\main.cpp(765,55): warning C4244: 'argument': conversion from 'double' to 'int', possible loss of data
C:\Users\ac\Desktop\Gloomy.cc-Fortnite-master\Gloomy.cc-Fortnite-master\main.cpp(765,40): warning C4244: 'argument': conversion from 'double' to 'int', possible loss of data
C:\Users\ac\Desktop\Gloomy.cc-Fortnite-master\Gloomy.cc-Fortnite-master\main.cpp(765,26): warning C4244: 'argument': conversion from 'double' to 'int', possible loss of data
C:\Users\ac\Desktop\Gloomy.cc-Fortnite-master\Gloomy.cc-Fortnite-master\main.cpp(766,92): warning C4244: 'argument': conversion from 'float' to 'int', possible loss of data
C:\Users\ac\Desktop\Gloomy.cc-Fortnite-master\Gloomy.cc-Fortnite-master\main.cpp(766,74): warning C4244: 'argument': conversion from 'double' to 'int', possible loss of data
C:\Users\ac\Desktop\Gloomy.cc-Fortnite-master\Gloomy.cc-Fortnite-master\main.cpp(766,57): warning C4244: 'argument': conversion from 'double' to 'int', possible loss of data
C:\Users\ac\Desktop\Gloomy.cc-Fortnite-master\Gloomy.cc-Fortnite-master\main.cpp(766,40): warning C4244: 'argument': conversion from 'double' to 'int', possible loss of data
C:\Users\ac\Desktop\Gloomy.cc-Fortnite-master\Gloomy.cc-Fortnite-master\main.cpp(766,26): warning C4244: 'argument': conversion from 'double' to 'int', possible loss of data
C:\Users\ac\Desktop\Gloomy.cc-Fortnite-master\Gloomy.cc-Fortnite-master\main.cpp(767,96): warning C4244: 'argument': conversion from 'float' to 'int', possible loss of data
C:\Users\ac\Desktop\Gloomy.cc-Fortnite-master\Gloomy.cc-Fortnite-master\main.cpp(767,78): warning C4244: 'argument': conversion from 'double' to 'int', possible loss of data
C:\Users\ac\Desktop\Gloomy.cc-Fortnite-master\Gloomy.cc-Fortnite-master\main.cpp(767,60): warning C4244: 'argument': conversion from 'double' to 'int', possible loss of data
C:\Users\ac\Desktop\Gloomy.cc-Fortnite-master\Gloomy.cc-Fortnite-master\main.cpp(767,42): warning C4244: 'argument': conversion from 'double' to 'int', possible loss of data
C:\Users\ac\Desktop\Gloomy.cc-Fortnite-master\Gloomy.cc-Fortnite-master\main.cpp(767,27): warning C4244: 'argument': conversion from 'double' to 'int', possible loss of data
C:\Users\ac\Desktop\Gloomy.cc-Fortnite-master\Gloomy.cc-Fortnite-master\main.cpp(768,92): warning C4244: 'argument': conversion from 'float' to 'int', possible loss of data
C:\Users\ac\Desktop\Gloomy.cc-Fortnite-master\Gloomy.cc-Fortnite-master\main.cpp(768,74): warning C4244: 'argument': conversion from 'double' to 'int', possible loss of data
C:\Users\ac\Desktop\Gloomy.cc-Fortnite-master\Gloomy.cc-Fortnite-master\main.cpp(768,60): warning C4244: 'argument': conversion from 'double' to 'int', possible loss of data
C:\Users\ac\Desktop\Gloomy.cc-Fortnite-master\Gloomy.cc-Fortnite-master\main.cpp(768,46): warning C4244: 'argument': conversion from 'double' to 'int', possible loss of data
C:\Users\ac\Desktop\Gloomy.cc-Fortnite-master\Gloomy.cc-Fortnite-master\main.cpp(768,29): warning C4244: 'argument': conversion from 'double' to 'int', possible loss of data
C:\Users\ac\Desktop\Gloomy.cc-Fortnite-master\Gloomy.cc-Fortnite-master\main.cpp(769,96): warning C4244: 'argument': conversion from 'float' to 'int', possible loss of data
C:\Users\ac\Desktop\Gloomy.cc-Fortnite-master\Gloomy.cc-Fortnite-master\main.cpp(769,78): warning C4244: 'argument': conversion from 'double' to 'int', possible loss of data
C:\Users\ac\Desktop\Gloomy.cc-Fortnite-master\Gloomy.cc-Fortnite-master\main.cpp(769,63): warning C4244: 'argument': conversion from 'double' to 'int', possible loss of data
C:\Users\ac\Desktop\Gloomy.cc-Fortnite-master\Gloomy.cc-Fortnite-master\main.cpp(769,48): warning C4244: 'argument': conversion from 'double' to 'int', possible loss of data
C:\Users\ac\Desktop\Gloomy.cc-Fortnite-master\Gloomy.cc-Fortnite-master\main.cpp(769,30): warning C4244: 'argument': conversion from 'double' to 'int', possible loss of data
C:\Users\ac\Desktop\Gloomy.cc-Fortnite-master\Gloomy.cc-Fortnite-master\main.cpp(770,86): warning C4244: 'argument': conversion from 'float' to 'int', possible loss of data
C:\Users\ac\Desktop\Gloomy.cc-Fortnite-master\Gloomy.cc-Fortnite-master\main.cpp(770,68): warning C4244: 'argument': conversion from 'double' to 'int', possible loss of data
C:\Users\ac\Desktop\Gloomy.cc-Fortnite-master\Gloomy.cc-Fortnite-master\main.cpp(770,54): warning C4244: 'argument': conversion from 'double' to 'int', possible loss of data
C:\Users\ac\Desktop\Gloomy.cc-Fortnite-master\Gloomy.cc-Fortnite-master\main.cpp(770,40): warning C4244: 'argument': conversion from 'double' to 'int', possible loss of data
C:\Users\ac\Desktop\Gloomy.cc-Fortnite-master\Gloomy.cc-Fortnite-master\main.cpp(770,26): warning C4244: 'argument': conversion from 'double' to 'int', possible loss of data
C:\Users\ac\Desktop\Gloomy.cc-Fortnite-master\Gloomy.cc-Fortnite-master\main.cpp(771,90): warning C4244: 'argument': conversion from 'float' to 'int', possible loss of data
C:\Users\ac\Desktop\Gloomy.cc-Fortnite-master\Gloomy.cc-Fortnite-master\main.cpp(771,72): warning C4244: 'argument': conversion from 'double' to 'int', possible loss of data
C:\Users\ac\Desktop\Gloomy.cc-Fortnite-master\Gloomy.cc-Fortnite-master\main.cpp(771,57): warning C4244: 'argument': conversion from 'double' to 'int', possible loss of data
C:\Users\ac\Desktop\Gloomy.cc-Fortnite-master\Gloomy.cc-Fortnite-master\main.cpp(771,42): warning C4244: 'argument': conversion from 'double' to 'int', possible loss of data
C:\Users\ac\Desktop\Gloomy.cc-Fortnite-master\Gloomy.cc-Fortnite-master\main.cpp(771,27): warning C4244: 'argument': conversion from 'double' to 'int', possible loss of data
C:\Users\ac\Desktop\Gloomy.cc-Fortnite-master\Gloomy.cc-Fortnite-master\main.cpp(772,72): warning C4244: 'argument': conversion from 'float' to 'int', possible loss of data
C:\Users\ac\Desktop\Gloomy.cc-Fortnite-master\Gloomy.cc-Fortnite-master\main.cpp(772,54): warning C4244: 'argument': conversion from 'double' to 'int', possible loss of data
C:\Users\ac\Desktop\Gloomy.cc-Fortnite-master\Gloomy.cc-Fortnite-master\main.cpp(772,43): warning C4244: 'argument': conversion from 'double' to 'int', possible loss of data
C:\Users\ac\Desktop\Gloomy.cc-Fortnite-master\Gloomy.cc-Fortnite-master\main.cpp(772,32): warning C4244: 'argument': conversion from 'double' to 'int', possible loss of data
C:\Users\ac\Desktop\Gloomy.cc-Fortnite-master\Gloomy.cc-Fortnite-master\main.cpp(772,22): warning C4244: 'argument': conversion from 'double' to 'int', possible loss of data
C:\Users\ac\Desktop\Gloomy.cc-Fortnite-master\Gloomy.cc-Fortnite-master\main.cpp(773,76): warning C4244: 'argument': conversion from 'float' to 'int', possible loss of data
C:\Users\ac\Desktop\Gloomy.cc-Fortnite-master\Gloomy.cc-Fortnite-master\main.cpp(773,58): warning C4244: 'argument': conversion from 'double' to 'int', possible loss of data
C:\Users\ac\Desktop\Gloomy.cc-Fortnite-master\Gloomy.cc-Fortnite-master\main.cpp(773,46): warning C4244: 'argument': conversion from 'double' to 'int', possible loss of data
C:\Users\ac\Desktop\Gloomy.cc-Fortnite-master\Gloomy.cc-Fortnite-master\main.cpp(773,34): warning C4244: 'argument': conversion from 'double' to 'int', possible loss of data
C:\Users\ac\Desktop\Gloomy.cc-Fortnite-master\Gloomy.cc-Fortnite-master\main.cpp(773,23): warning C4244: 'argument': conversion from 'double' to 'int', possible loss of data
C:\Users\ac\Desktop\Gloomy.cc-Fortnite-master\Gloomy.cc-Fortnite-master\main.cpp(774,78): warning C4244: 'argument': conversion from 'float' to 'int', possible loss of data
C:\Users\ac\Desktop\Gloomy.cc-Fortnite-master\Gloomy.cc-Fortnite-master\main.cpp(774,60): warning C4244: 'argument': conversion from 'double' to 'int', possible loss of data
C:\Users\ac\Desktop\Gloomy.cc-Fortnite-master\Gloomy.cc-Fortnite-master\main.cpp(774,47): warning C4244: 'argument': conversion from 'double' to 'int', possible loss of data
C:\Users\ac\Desktop\Gloomy.cc-Fortnite-master\Gloomy.cc-Fortnite-master\main.cpp(774,34): warning C4244: 'argument': conversion from 'double' to 'int', possible loss of data
C:\Users\ac\Desktop\Gloomy.cc-Fortnite-master\Gloomy.cc-Fortnite-master\main.cpp(774,23): warning C4244: 'argument': conversion from 'double' to 'int', possible loss of data
C:\Users\ac\Desktop\Gloomy.cc-Fortnite-master\Gloomy.cc-Fortnite-master\main.cpp(775,80): warning C4244: 'argument': conversion from 'float' to 'int', possible loss of data
C:\Users\ac\Desktop\Gloomy.cc-Fortnite-master\Gloomy.cc-Fortnite-master\main.cpp(775,62): warning C4244: 'argument': conversion from 'double' to 'int', possible loss of data
C:\Users\ac\Desktop\Gloomy.cc-Fortnite-master\Gloomy.cc-Fortnite-master\main.cpp(775,49): warning C4244: 'argument': conversion from 'double' to 'int', possible loss of data
C:\Users\ac\Desktop\Gloomy.cc-Fortnite-master\Gloomy.cc-Fortnite-master\main.cpp(775,36): warning C4244: 'argument': conversion from 'double' to 'int', possible loss of data
C:\Users\ac\Desktop\Gloomy.cc-Fortnite-master\Gloomy.cc-Fortnite-master\main.cpp(775,24): warning C4244: 'argument': conversion from 'double' to 'int', possible loss of data
C:\Users\ac\Desktop\Gloomy.cc-Fortnite-master\Gloomy.cc-Fortnite-master\main.cpp(776,84): warning C4244: 'argument': conversion from 'float' to 'int', possible loss of data
C:\Users\ac\Desktop\Gloomy.cc-Fortnite-master\Gloomy.cc-Fortnite-master\main.cpp(776,66): warning C4244: 'argument': conversion from 'double' to 'int', possible loss of data
C:\Users\ac\Desktop\Gloomy.cc-Fortnite-master\Gloomy.cc-Fortnite-master\main.cpp(776,52): warning C4244: 'argument': conversion from 'double' to 'int', possible loss of data
C:\Users\ac\Desktop\Gloomy.cc-Fortnite-master\Gloomy.cc-Fortnite-master\main.cpp(776,38): warning C4244: 'argument': conversion from 'double' to 'int', possible loss of data
C:\Users\ac\Desktop\Gloomy.cc-Fortnite-master\Gloomy.cc-Fortnite-master\main.cpp(776,25): warning C4244: 'argument': conversion from 'double' to 'int', possible loss of data
C:\Users\ac\Desktop\Gloomy.cc-Fortnite-master\Gloomy.cc-Fortnite-master\main.cpp(777,84): warning C4244: 'argument': conversion from 'float' to 'int', possible loss of data
C:\Users\ac\Desktop\Gloomy.cc-Fortnite-master\Gloomy.cc-Fortnite-master\main.cpp(777,66): warning C4244: 'argument': conversion from 'double' to 'int', possible loss of data
C:\Users\ac\Desktop\Gloomy.cc-Fortnite-master\Gloomy.cc-Fortnite-master\main.cpp(777,52): warning C4244: 'argument': conversion from 'double' to 'int', possible loss of data
C:\Users\ac\Desktop\Gloomy.cc-Fortnite-master\Gloomy.cc-Fortnite-master\main.cpp(777,38): warning C4244: 'argument': conversion from 'double' to 'int', possible loss of data
C:\Users\ac\Desktop\Gloomy.cc-Fortnite-master\Gloomy.cc-Fortnite-master\main.cpp(777,25): warning C4244: 'argument': conversion from 'double' to 'int', possible loss of data
C:\Users\ac\Desktop\Gloomy.cc-Fortnite-master\Gloomy.cc-Fortnite-master\main.cpp(778,88): warning C4244: 'argument': conversion from 'float' to 'int', possible loss of data
C:\Users\ac\Desktop\Gloomy.cc-Fortnite-master\Gloomy.cc-Fortnite-master\main.cpp(778,70): warning C4244: 'argument': conversion from 'double' to 'int', possible loss of data
C:\Users\ac\Desktop\Gloomy.cc-Fortnite-master\Gloomy.cc-Fortnite-master\main.cpp(778,55): warning C4244: 'argument': conversion from 'double' to 'int', possible loss of data
C:\Users\ac\Desktop\Gloomy.cc-Fortnite-master\Gloomy.cc-Fortnite-master\main.cpp(778,40): warning C4244: 'argument': conversion from 'double' to 'int', possible loss of data
C:\Users\ac\Desktop\Gloomy.cc-Fortnite-master\Gloomy.cc-Fortnite-master\main.cpp(778,26): warning C4244: 'argument': conversion from 'double' to 'int', possible loss of data
C:\Users\ac\Desktop\Gloomy.cc-Fortnite-master\Gloomy.cc-Fortnite-master\main.cpp(801,97): warning C4244: 'argument': conversion from 'double' to 'float', possible loss of data
C:\Users\ac\Desktop\Gloomy.cc-Fortnite-master\Gloomy.cc-Fortnite-master\main.cpp(801,89): warning C4244: 'argument': conversion from 'double' to 'float', possible loss of data
C:\Users\ac\Desktop\Gloomy.cc-Fortnite-master\Gloomy.cc-Fortnite-master\main.cpp(801,73): warning C4244: 'argument': conversion from 'double' to 'float', possible loss of data
C:\Users\ac\Desktop\Gloomy.cc-Fortnite-master\Gloomy.cc-Fortnite-master\main.cpp(801,62): warning C4244: 'argument': conversion from 'double' to 'float', possible loss of data
C:\Users\ac\Desktop\Gloomy.cc-Fortnite-master\Gloomy.cc-Fortnite-master\main.cpp(802,97): warning C4244: 'argument': conversion from 'double' to 'float', possible loss of data
C:\Users\ac\Desktop\Gloomy.cc-Fortnite-master\Gloomy.cc-Fortnite-master\main.cpp(802,89): warning C4244: 'argument': conversion from 'double' to 'float', possible loss of data
C:\Users\ac\Desktop\Gloomy.cc-Fortnite-master\Gloomy.cc-Fortnite-master\main.cpp(802,73): warning C4244: 'argument': conversion from 'double' to 'float', possible loss of data
C:\Users\ac\Desktop\Gloomy.cc-Fortnite-master\Gloomy.cc-Fortnite-master\main.cpp(802,62): warning C4244: 'argument': conversion from 'double' to 'float', possible loss of data
C:\Users\ac\Desktop\Gloomy.cc-Fortnite-master\Gloomy.cc-Fortnite-master\main.cpp(803,97): warning C4244: 'argument': conversion from 'double' to 'float', possible loss of data
C:\Users\ac\Desktop\Gloomy.cc-Fortnite-master\Gloomy.cc-Fortnite-master\main.cpp(803,89): warning C4244: 'argument': conversion from 'double' to 'float', possible loss of data
C:\Users\ac\Desktop\Gloomy.cc-Fortnite-master\Gloomy.cc-Fortnite-master\main.cpp(803,73): warning C4244: 'argument': conversion from 'double' to 'float', possible loss of data
C:\Users\ac\Desktop\Gloomy.cc-Fortnite-master\Gloomy.cc-Fortnite-master\main.cpp(803,62): warning C4244: 'argument': conversion from 'double' to 'float', possible loss of data
C:\Users\ac\Desktop\Gloomy.cc-Fortnite-master\Gloomy.cc-Fortnite-master\main.cpp(804,97): warning C4244: 'argument': conversion from 'double' to 'float', possible loss of data
C:\Users\ac\Desktop\Gloomy.cc-Fortnite-master\Gloomy.cc-Fortnite-master\main.cpp(804,89): warning C4244: 'argument': conversion from 'double' to 'float', possible loss of data
C:\Users\ac\Desktop\Gloomy.cc-Fortnite-master\Gloomy.cc-Fortnite-master\main.cpp(804,73): warning C4244: 'argument': conversion from 'double' to 'float', possible loss of data
C:\Users\ac\Desktop\Gloomy.cc-Fortnite-master\Gloomy.cc-Fortnite-master\main.cpp(804,62): warning C4244: 'argument': conversion from 'double' to 'float', possible loss of data
C:\Users\ac\Desktop\Gloomy.cc-Fortnite-master\Gloomy.cc-Fortnite-master\main.cpp(806,103): warning C4244: 'argument': conversion from 'double' to 'float', possible loss of data
C:\Users\ac\Desktop\Gloomy.cc-Fortnite-master\Gloomy.cc-Fortnite-master\main.cpp(806,92): warning C4244: 'argument': conversion from 'double' to 'float', possible loss of data
C:\Users\ac\Desktop\Gloomy.cc-Fortnite-master\Gloomy.cc-Fortnite-master\main.cpp(806,73): warning C4244: 'argument': conversion from 'double' to 'float', possible loss of data
C:\Users\ac\Desktop\Gloomy.cc-Fortnite-master\Gloomy.cc-Fortnite-master\main.cpp(806,62): warning C4244: 'argument': conversion from 'double' to 'float', possible loss of data
C:\Users\ac\Desktop\Gloomy.cc-Fortnite-master\Gloomy.cc-Fortnite-master\main.cpp(807,103): warning C4244: 'argument': conversion from 'double' to 'float', possible loss of data
C:\Users\ac\Desktop\Gloomy.cc-Fortnite-master\Gloomy.cc-Fortnite-master\main.cpp(807,92): warning C4244: 'argument': conversion from 'double' to 'float', possible loss of data
C:\Users\ac\Desktop\Gloomy.cc-Fortnite-master\Gloomy.cc-Fortnite-master\main.cpp(807,73): warning C4244: 'argument': conversion from 'double' to 'float', possible loss of data
C:\Users\ac\Desktop\Gloomy.cc-Fortnite-master\Gloomy.cc-Fortnite-master\main.cpp(807,62): warning C4244: 'argument': conversion from 'double' to 'float', possible loss of data
C:\Users\ac\Desktop\Gloomy.cc-Fortnite-master\Gloomy.cc-Fortnite-master\main.cpp(808,103): warning C4244: 'argument': conversion from 'double' to 'float', possible loss of data
C:\Users\ac\Desktop\Gloomy.cc-Fortnite-master\Gloomy.cc-Fortnite-master\main.cpp(808,92): warning C4244: 'argument': conversion from 'double' to 'float', possible loss of data
C:\Users\ac\Desktop\Gloomy.cc-Fortnite-master\Gloomy.cc-Fortnite-master\main.cpp(808,73): warning C4244: 'argument': conversion from 'double' to 'float', possible loss of data
C:\Users\ac\Desktop\Gloomy.cc-Fortnite-master\Gloomy.cc-Fortnite-master\main.cpp(808,62): warning C4244: 'argument': conversion from 'double' to 'float', possible loss of data
C:\Users\ac\Desktop\Gloomy.cc-Fortnite-master\Gloomy.cc-Fortnite-master\main.cpp(809,103): warning C4244: 'argument': conversion from 'double' to 'float', possible loss of data
C:\Users\ac\Desktop\Gloomy.cc-Fortnite-master\Gloomy.cc-Fortnite-master\main.cpp(809,92): warning C4244: 'argument': conversion from 'double' to 'float', possible loss of data
C:\Users\ac\Desktop\Gloomy.cc-Fortnite-master\Gloomy.cc-Fortnite-master\main.cpp(809,73): warning C4244: 'argument': conversion from 'double' to 'float', possible loss of data
C:\Users\ac\Desktop\Gloomy.cc-Fortnite-master\Gloomy.cc-Fortnite-master\main.cpp(809,62): warning C4244: 'argument': conversion from 'double' to 'float', possible loss of data
C:\Users\ac\Desktop\Gloomy.cc-Fortnite-master\Gloomy.cc-Fortnite-master\main.cpp(811,91): warning C4244: 'argument': conversion from 'double' to 'float', possible loss of data
C:\Users\ac\Desktop\Gloomy.cc-Fortnite-master\Gloomy.cc-Fortnite-master\main.cpp(811,83): warning C4244: 'argument': conversion from 'double' to 'float', possible loss of data
C:\Users\ac\Desktop\Gloomy.cc-Fortnite-master\Gloomy.cc-Fortnite-master\main.cpp(811,67): warning C4244: 'argument': conversion from 'double' to 'float', possible loss of data
C:\Users\ac\Desktop\Gloomy.cc-Fortnite-master\Gloomy.cc-Fortnite-master\main.cpp(811,59): warning C4244: 'argument': conversion from 'double' to 'float', possible loss of data
C:\Users\ac\Desktop\Gloomy.cc-Fortnite-master\Gloomy.cc-Fortnite-master\main.cpp(812,91): warning C4244: 'argument': conversion from 'double' to 'float', possible loss of data
C:\Users\ac\Desktop\Gloomy.cc-Fortnite-master\Gloomy.cc-Fortnite-master\main.cpp(812,83): warning C4244: 'argument': conversion from 'double' to 'float', possible loss of data
C:\Users\ac\Desktop\Gloomy.cc-Fortnite-master\Gloomy.cc-Fortnite-master\main.cpp(812,67): warning C4244: 'argument': conversion from 'double' to 'float', possible loss of data
C:\Users\ac\Desktop\Gloomy.cc-Fortnite-master\Gloomy.cc-Fortnite-master\main.cpp(812,59): warning C4244: 'argument': conversion from 'double' to 'float', possible loss of data
C:\Users\ac\Desktop\Gloomy.cc-Fortnite-master\Gloomy.cc-Fortnite-master\main.cpp(813,91): warning C4244: 'argument': conversion from 'double' to 'float', possible loss of data
C:\Users\ac\Desktop\Gloomy.cc-Fortnite-master\Gloomy.cc-Fortnite-master\main.cpp(813,83): warning C4244: 'argument': conversion from 'double' to 'float', possible loss of data
C:\Users\ac\Desktop\Gloomy.cc-Fortnite-master\Gloomy.cc-Fortnite-master\main.cpp(813,67): warning C4244: 'argument': conversion from 'double' to 'float', possible loss of data
C:\Users\ac\Desktop\Gloomy.cc-Fortnite-master\Gloomy.cc-Fortnite-master\main.cpp(813,59): warning C4244: 'argument': conversion from 'double' to 'float', possible loss of data
C:\Users\ac\Desktop\Gloomy.cc-Fortnite-master\Gloomy.cc-Fortnite-master\main.cpp(814,91): warning C4244: 'argument': conversion from 'double' to 'float', possible loss of data
C:\Users\ac\Desktop\Gloomy.cc-Fortnite-master\Gloomy.cc-Fortnite-master\main.cpp(814,83): warning C4244: 'argument': conversion from 'double' to 'float', possible loss of data
C:\Users\ac\Desktop\Gloomy.cc-Fortnite-master\Gloomy.cc-Fortnite-master\main.cpp(814,67): warning C4244: 'argument': conversion from 'double' to 'float', possible loss of data
C:\Users\ac\Desktop\Gloomy.cc-Fortnite-master\Gloomy.cc-Fortnite-master\main.cpp(814,59): warning C4244: 'argument': conversion from 'double' to 'float', possible loss of data
C:\Users\ac\Desktop\Gloomy.cc-Fortnite-master\Gloomy.cc-Fortnite-master\main.cpp(822,131): warning C4244: 'argument': conversion from 'double' to 'float', possible loss of data
C:\Users\ac\Desktop\Gloomy.cc-Fortnite-master\Gloomy.cc-Fortnite-master\main.cpp(822,112): warning C4244: 'argument': conversion from 'double' to 'float', possible loss of data
C:\Users\ac\Desktop\Gloomy.cc-Fortnite-master\Gloomy.cc-Fortnite-master\main.cpp(822,91): warning C4244: 'argument': conversion from 'double' to 'float', possible loss of data
C:\Users\ac\Desktop\Gloomy.cc-Fortnite-master\Gloomy.cc-Fortnite-master\main.cpp(822,70): warning C4244: 'argument': conversion from 'double' to 'float', possible loss of data
C:\Users\ac\Desktop\Gloomy.cc-Fortnite-master\Gloomy.cc-Fortnite-master\main.cpp(824,127): warning C4244: 'argument': conversion from 'double' to 'float', possible loss of data
C:\Users\ac\Desktop\Gloomy.cc-Fortnite-master\Gloomy.cc-Fortnite-master\main.cpp(824,109): warning C4244: 'argument': conversion from 'double' to 'float', possible loss of data
C:\Users\ac\Desktop\Gloomy.cc-Fortnite-master\Gloomy.cc-Fortnite-master\main.cpp(824,89): warning C4244: 'argument': conversion from 'double' to 'float', possible loss of data
C:\Users\ac\Desktop\Gloomy.cc-Fortnite-master\Gloomy.cc-Fortnite-master\main.cpp(824,69): warning C4244: 'argument': conversion from 'double' to 'float', possible loss of data
C:\Users\ac\Desktop\Gloomy.cc-Fortnite-master\Gloomy.cc-Fortnite-master\main.cpp(828,66): warning C4244: 'argument': conversion from 'double' to 'float', possible loss of data
C:\Users\ac\Desktop\Gloomy.cc-Fortnite-master\Gloomy.cc-Fortnite-master\main.cpp(828,37): warning C4244: 'argument': conversion from 'double' to 'float', possible loss of data
C:\Users\ac\Desktop\Gloomy.cc-Fortnite-master\Gloomy.cc-Fortnite-master\main.cpp(838,31): warning C4244: 'argument': conversion from 'double' to 'float', possible loss of data
C:\Users\ac\Desktop\Gloomy.cc-Fortnite-master\Gloomy.cc-Fortnite-master\main.cpp(917,28): warning C4244: 'argument': conversion from 'double' to 'float', possible loss of data
C:\Users\ac\Desktop\Gloomy.cc-Fortnite-master\Gloomy.cc-Fortnite-master\main.cpp(917,20): warning C4244: 'argument': conversion from 'double' to 'float', possible loss of data
C:\Users\ac\Desktop\Gloomy.cc-Fortnite-master\Gloomy.cc-Fortnite-master\main.cpp(312,18): warning C4101: 'distaim': unreferenced local variable
C:\Users\ac\Desktop\Gloomy.cc-Fortnite-master\Gloomy.cc-Fortnite-master\main.cpp(377,19): warning C4101: 'RGBAColor': unreferenced local variable
C:\Users\ac\Desktop\Gloomy.cc-Fortnite-master\Gloomy.cc-Fortnite-master\main.cpp(983,32): warning C4244: '=': conversion from 'LONG' to 'float', possible loss of data
C:\Users\ac\Desktop\Gloomy.cc-Fortnite-master\Gloomy.cc-Fortnite-master\main.cpp(984,34): warning C4244: '=': conversion from 'LONG' to 'float', possible loss of data
C:\Users\ac\Desktop\Gloomy.cc-Fortnite-master\Gloomy.cc-Fortnite-master\main.cpp(1002,184): warning C4244: 'argument': conversion from 'float' to 'int', possible loss of data
C:\Users\ac\Desktop\Gloomy.cc-Fortnite-master\Gloomy.cc-Fortnite-master\main.cpp(1002,136): warning C4244: 'argument': conversion from 'float' to 'int', possible loss of data
C:\Users\ac\Desktop\Gloomy.cc-Fortnite-master\Gloomy.cc-Fortnite-master\main.cpp(1002,89): warning C4244: 'argument': conversion from 'float' to 'int', possible loss of data
C:\Users\ac\Desktop\Gloomy.cc-Fortnite-master\Gloomy.cc-Fortnite-master\main.cpp(1002,41): warning C4244: 'argument': conversion from 'float' to 'int', possible loss of data
C:\Users\ac\Desktop\Gloomy.cc-Fortnite-master\Gloomy.cc-Fortnite-master\main.cpp(1003,184): warning C4244: 'argument': conversion from 'float' to 'int', possible loss of data
C:\Users\ac\Desktop\Gloomy.cc-Fortnite-master\Gloomy.cc-Fortnite-master\main.cpp(1003,136): warning C4244: 'argument': conversion from 'float' to 'int', possible loss of data
C:\Users\ac\Desktop\Gloomy.cc-Fortnite-master\Gloomy.cc-Fortnite-master\main.cpp(1003,89): warning C4244: 'argument': conversion from 'float' to 'int', possible loss of data
C:\Users\ac\Desktop\Gloomy.cc-Fortnite-master\Gloomy.cc-Fortnite-master\main.cpp(1003,41): warning C4244: 'argument': conversion from 'float' to 'int', possible loss of data
C:\Users\ac\Desktop\Gloomy.cc-Fortnite-master\Gloomy.cc-Fortnite-master\main.cpp(1004,184): warning C4244: 'argument': conversion from 'float' to 'int', possible loss of data
C:\Users\ac\Desktop\Gloomy.cc-Fortnite-master\Gloomy.cc-Fortnite-master\main.cpp(1004,136): warning C4244: 'argument': conversion from 'float' to 'int', possible loss of data
C:\Users\ac\Desktop\Gloomy.cc-Fortnite-master\Gloomy.cc-Fortnite-master\main.cpp(1004,89): warning C4244: 'argument': conversion from 'float' to 'int', possible loss of data
C:\Users\ac\Desktop\Gloomy.cc-Fortnite-master\Gloomy.cc-Fortnite-master\main.cpp(1004,41): warning C4244: 'argument': conversion from 'float' to 'int', possible loss of data
C:\Users\ac\Desktop\Gloomy.cc-Fortnite-master\Gloomy.cc-Fortnite-master\main.cpp(1005,184): warning C4244: 'argument': conversion from 'float' to 'int', possible loss of data
C:\Users\ac\Desktop\Gloomy.cc-Fortnite-master\Gloomy.cc-Fortnite-master\main.cpp(1005,136): warning C4244: 'argument': conversion from 'float' to 'int', possible loss of data
C:\Users\ac\Desktop\Gloomy.cc-Fortnite-master\Gloomy.cc-Fortnite-master\main.cpp(1005,89): warning C4244: 'argument': conversion from 'float' to 'int', possible loss of data
C:\Users\ac\Desktop\Gloomy.cc-Fortnite-master\Gloomy.cc-Fortnite-master\main.cpp(1005,41): warning C4244: 'argument': conversion from 'float' to 'int', possible loss of data
C:\Users\ac\Desktop\Gloomy.cc-Fortnite-master\Gloomy.cc-Fortnite-master\main.cpp(1006,184): warning C4244: 'argument': conversion from 'float' to 'int', possible loss of data
C:\Users\ac\Desktop\Gloomy.cc-Fortnite-master\Gloomy.cc-Fortnite-master\main.cpp(1006,136): warning C4244: 'argument': conversion from 'float' to 'int', possible loss of data
C:\Users\ac\Desktop\Gloomy.cc-Fortnite-master\Gloomy.cc-Fortnite-master\main.cpp(1006,89): warning C4244: 'argument': conversion from 'float' to 'int', possible loss of data
C:\Users\ac\Desktop\Gloomy.cc-Fortnite-master\Gloomy.cc-Fortnite-master\main.cpp(1006,41): warning C4244: 'argument': conversion from 'float' to 'int', possible loss of data
C:\Users\ac\Desktop\Gloomy.cc-Fortnite-master\Gloomy.cc-Fortnite-master\main.cpp(1007,184): warning C4244: 'argument': conversion from 'float' to 'int', possible loss of data
C:\Users\ac\Desktop\Gloomy.cc-Fortnite-master\Gloomy.cc-Fortnite-master\main.cpp(1007,136): warning C4244: 'argument': conversion from 'float' to 'int', possible loss of data
C:\Users\ac\Desktop\Gloomy.cc-Fortnite-master\Gloomy.cc-Fortnite-master\main.cpp(1007,89): warning C4244: 'argument': conversion from 'float' to 'int', possible loss of data
C:\Users\ac\Desktop\Gloomy.cc-Fortnite-master\Gloomy.cc-Fortnite-master\main.cpp(1007,41): warning C4244: 'argument': conversion from 'float' to 'int', possible loss of data
C:\Users\ac\Desktop\Gloomy.cc-Fortnite-master\Gloomy.cc-Fortnite-master\main.cpp(1008,184): warning C4244: 'argument': conversion from 'float' to 'int', possible loss of data
C:\Users\ac\Desktop\Gloomy.cc-Fortnite-master\Gloomy.cc-Fortnite-master\main.cpp(1008,136): warning C4244: 'argument': conversion from 'float' to 'int', possible loss of data
C:\Users\ac\Desktop\Gloomy.cc-Fortnite-master\Gloomy.cc-Fortnite-master\main.cpp(1008,89): warning C4244: 'argument': conversion from 'float' to 'int', possible loss of data
C:\Users\ac\Desktop\Gloomy.cc-Fortnite-master\Gloomy.cc-Fortnite-master\main.cpp(1008,41): warning C4244: 'argument': conversion from 'float' to 'int', possible loss of data
C:\Users\ac\Desktop\Gloomy.cc-Fortnite-master\Gloomy.cc-Fortnite-master\main.cpp(1009,184): warning C4244: 'argument': conversion from 'float' to 'int', possible loss of data
C:\Users\ac\Desktop\Gloomy.cc-Fortnite-master\Gloomy.cc-Fortnite-master\main.cpp(1009,136): warning C4244: 'argument': conversion from 'float' to 'int', possible loss of data
C:\Users\ac\Desktop\Gloomy.cc-Fortnite-master\Gloomy.cc-Fortnite-master\main.cpp(1009,89): warning C4244: 'argument': conversion from 'float' to 'int', possible loss of data
C:\Users\ac\Desktop\Gloomy.cc-Fortnite-master\Gloomy.cc-Fortnite-master\main.cpp(1009,41): warning C4244: 'argument': conversion from 'float' to 'int', possible loss of data
C:\Users\ac\Desktop\Gloomy.cc-Fortnite-master\Gloomy.cc-Fortnite-master\main.cpp(1010,184): warning C4244: 'argument': conversion from 'float' to 'int', possible loss of data
C:\Users\ac\Desktop\Gloomy.cc-Fortnite-master\Gloomy.cc-Fortnite-master\main.cpp(1010,136): warning C4244: 'argument': conversion from 'float' to 'int', possible loss of data
C:\Users\ac\Desktop\Gloomy.cc-Fortnite-master\Gloomy.cc-Fortnite-master\main.cpp(1010,89): warning C4244: 'argument': conversion from 'float' to 'int', possible loss of data
C:\Users\ac\Desktop\Gloomy.cc-Fortnite-master\Gloomy.cc-Fortnite-master\main.cpp(1010,41): warning C4244: 'argument': conversion from 'float' to 'int', possible loss of data
C:\Users\ac\Desktop\Gloomy.cc-Fortnite-master\Gloomy.cc-Fortnite-master\main.cpp(1011,184): warning C4244: 'argument': conversion from 'float' to 'int', possible loss of data
C:\Users\ac\Desktop\Gloomy.cc-Fortnite-master\Gloomy.cc-Fortnite-master\main.cpp(1011,136): warning C4244: 'argument': conversion from 'float' to 'int', possible loss of data
C:\Users\ac\Desktop\Gloomy.cc-Fortnite-master\Gloomy.cc-Fortnite-master\main.cpp(1011,89): warning C4244: 'argument': conversion from 'float' to 'int', possible loss of data
C:\Users\ac\Desktop\Gloomy.cc-Fortnite-master\Gloomy.cc-Fortnite-master\main.cpp(1011,41): warning C4244: 'argument': conversion from 'float' to 'int', possible loss of data
C:\Users\ac\Desktop\Gloomy.cc-Fortnite-master\Gloomy.cc-Fortnite-master\main.cpp(1015,134): warning C4244: 'argument': conversion from 'float' to 'int', possible loss of data
C:\Users\ac\Desktop\Gloomy.cc-Fortnite-master\Gloomy.cc-Fortnite-master\main.cpp(1015,99): warning C4244: 'argument': conversion from 'float' to 'int', possible loss of data
C:\Users\ac\Desktop\Gloomy.cc-Fortnite-master\Gloomy.cc-Fortnite-master\main.cpp(1015,71): warning C4244: 'argument': conversion from 'float' to 'int', possible loss of data
C:\Users\ac\Desktop\Gloomy.cc-Fortnite-master\Gloomy.cc-Fortnite-master\main.cpp(1015,36): warning C4244: 'argument': conversion from 'float' to 'int', possible loss of data
C:\Users\ac\Desktop\Gloomy.cc-Fortnite-master\Gloomy.cc-Fortnite-master\main.cpp(1016,133): warning C4244: 'argument': conversion from 'float' to 'int', possible loss of data
C:\Users\ac\Desktop\Gloomy.cc-Fortnite-master\Gloomy.cc-Fortnite-master\main.cpp(1016,104): warning C4244: 'argument': conversion from 'float' to 'int', possible loss of data
C:\Users\ac\Desktop\Gloomy.cc-Fortnite-master\Gloomy.cc-Fortnite-master\main.cpp(1016,70): warning C4244: 'argument': conversion from 'float' to 'int', possible loss of data
C:\Users\ac\Desktop\Gloomy.cc-Fortnite-master\Gloomy.cc-Fortnite-master\main.cpp(1016,41): warning C4244: 'argument': conversion from 'float' to 'int', possible loss of data
C:\Users\ac\Desktop\Gloomy.cc-Fortnite-master\Gloomy.cc-Fortnite-master\main.cpp(1020,225): warning C4244: 'argument': conversion from 'double' to 'float', possible loss of data
C:\Users\ac\Desktop\Gloomy.cc-Fortnite-master\Gloomy.cc-Fortnite-master\main.cpp(1020,205): warning C4244: 'argument': conversion from 'double' to 'float', possible loss of data
C:\Users\ac\Desktop\Gloomy.cc-Fortnite-master\Gloomy.cc-Fortnite-master\main.cpp(1020,185): warning C4244: 'argument': conversion from 'double' to 'float', possible loss of data
C:\Users\ac\Desktop\Gloomy.cc-Fortnite-master\Gloomy.cc-Fortnite-master\main.cpp(1020,165): warning C4244: 'argument': conversion from 'double' to 'float', possible loss of data
C:\Users\ac\Desktop\Gloomy.cc-Fortnite-master\Gloomy.cc-Fortnite-master\main.cpp(1043,77): warning C4305: 'argument': truncation from 'double' to 'const T'
          with
          [
              T=float
          ]
C:\Users\ac\Desktop\Gloomy.cc-Fortnite-master\Gloomy.cc-Fortnite-master\main.cpp(1055,52): warning C4305: 'argument': truncation from 'double' to 'const T'
          with
          [
              T=float
          ]
C:\Users\ac\Desktop\Gloomy.cc-Fortnite-master\Gloomy.cc-Fortnite-master\main.cpp(1056,52): warning C4305: 'argument': truncation from 'double' to 'const T'
          with
          [
              T=float
          ]
C:\Users\ac\Desktop\Gloomy.cc-Fortnite-master\Gloomy.cc-Fortnite-master\main.cpp(1057,52): warning C4305: 'argument': truncation from 'double' to 'const T'
          with
          [
              T=float
          ]
C:\Users\ac\Desktop\Gloomy.cc-Fortnite-master\Gloomy.cc-Fortnite-master\main.cpp(1062,75): warning C4474: 'sprintf_s' : too many arguments passed for format string
C:\Users\ac\Desktop\Gloomy.cc-Fortnite-master\Gloomy.cc-Fortnite-master\main.cpp(1062,75): message : placeholders and their parameters expect 0 variadic arguments, but 1 were provided
C:\Users\ac\Desktop\Gloomy.cc-Fortnite-master\Gloomy.cc-Fortnite-master\main.cpp(1065,51): warning C4474: 'sprintf_s' : too many arguments passed for format string
C:\Users\ac\Desktop\Gloomy.cc-Fortnite-master\Gloomy.cc-Fortnite-master\main.cpp(1065,51): message : placeholders and their parameters expect 0 variadic arguments, but 1 were provided
C:\Users\ac\Desktop\Gloomy.cc-Fortnite-master\Gloomy.cc-Fortnite-master\main.cpp(1079,55): warning C4305: 'argument': truncation from 'double' to 'const T'
          with
          [
              T=float
          ]
C:\Users\ac\Desktop\Gloomy.cc-Fortnite-master\Gloomy.cc-Fortnite-master\main.cpp(1134,14): warning C4101: 'draw': unreferenced local variable
C:\Users\ac\Desktop\Gloomy.cc-Fortnite-master\Gloomy.cc-Fortnite-master\main.cpp(1545,15): warning C4244: 'initializing': conversion from 'float' to 'int', possible loss of data
C:\Users\ac\Desktop\Gloomy.cc-Fortnite-master\Gloomy.cc-Fortnite-master\main.cpp(1584,16): warning C4244: '=': conversion from 'float' to 'int', possible loss of data
C:\Users\ac\Desktop\Gloomy.cc-Fortnite-master\Gloomy.cc-Fortnite-master\main.cpp(1585,16): warning C4244: '=': conversion from 'float' to 'int', possible loss of data
C:\Users\ac\Desktop\Gloomy.cc-Fortnite-master\Gloomy.cc-Fortnite-master\utils.hpp(72,16): warning C4244: 'argument': conversion from 'uintptr_t' to 'ULONG', possible loss of data
C:\Users\ac\Desktop\Gloomy.cc-Fortnite-master\Gloomy.cc-Fortnite-master\utils.hpp(104): message : see reference to function template instantiation 'T read<uint16_t>(uintptr_t,uintptr_t)' being compiled
          with
          [
              T=uint16_t
          ]
LINK : warning LNK4098: defaultlib 'LIBCMT' conflicts with use of other libs; use /NODEFAULTLIB:library
LINK : warning LNK4098: defaultlib 'MSVCRTD' conflicts with use of other libs; use /NODEFAULTLIB:library
  Generating code
C:\Users\ac\Desktop\Gloomy.cc-Fortnite-master\Gloomy.cc-Fortnite-master\main.cpp(954): warning C4715: 'CheatLoop': not all control paths return a value
C:\Users\ac\Desktop\Gloomy.cc-Fortnite-master\Gloomy.cc-Fortnite-master\main.cpp(821): warning C4723: potential divide by 0
  151 of 2174 functions ( 6.9%) were compiled, the rest were copied from previous compilation.
    0 functions were new in current compilation
    17 functions had inline decision re-evaluated but remain unchanged
  Finished generating code
glew32s.lib(glew.obj) : warning LNK4099: PDB 'vc120.pdb' was not found with 'glew32s.lib(glew.obj)' or at 'C:\Users\ac\Desktop\Gloomy.cc-Fortnite-master\Gloomy.cc-Fortnite-master\x64\Release\vc120.pdb'; linking object as if no debug info
glfw3.lib(context.obj) : warning LNK4099: PDB 'glfw3.pdb' was not found with 'glfw3.lib(context.obj)' or at 'C:\Users\ac\Desktop\Gloomy.cc-Fortnite-master\Gloomy.cc-Fortnite-master\x64\Release\glfw3.pdb'; linking object as if no debug info
glfw3.lib(init.obj) : warning LNK4099: PDB 'glfw3.pdb' was not found with 'glfw3.lib(init.obj)' or at 'C:\Users\ac\Desktop\Gloomy.cc-Fortnite-master\Gloomy.cc-Fortnite-master\x64\Release\glfw3.pdb'; linking object as if no debug info
glfw3.lib(input.obj) : warning LNK4099: PDB 'glfw3.pdb' was not found with 'glfw3.lib(input.obj)' or at 'C:\Users\ac\Desktop\Gloomy.cc-Fortnite-master\Gloomy.cc-Fortnite-master\x64\Release\glfw3.pdb'; linking object as if no debug info
glfw3.lib(monitor.obj) : warning LNK4099: PDB 'glfw3.pdb' was not found with 'glfw3.lib(monitor.obj)' or at 'C:\Users\ac\Desktop\Gloomy.cc-Fortnite-master\Gloomy.cc-Fortnite-master\x64\Release\glfw3.pdb'; linking object as if no debug info
glfw3.lib(vulkan.obj) : warning LNK4099: PDB 'glfw3.pdb' was not found with 'glfw3.lib(vulkan.obj)' or at 'C:\Users\ac\Desktop\Gloomy.cc-Fortnite-master\Gloomy.cc-Fortnite-master\x64\Release\glfw3.pdb'; linking object as if no debug info
glfw3.lib(window.obj) : warning LNK4099: PDB 'glfw3.pdb' was not found with 'glfw3.lib(window.obj)' or at 'C:\Users\ac\Desktop\Gloomy.cc-Fortnite-master\Gloomy.cc-Fortnite-master\x64\Release\glfw3.pdb'; linking object as if no debug info
glfw3.lib(win32_init.obj) : warning LNK4099: PDB 'glfw3.pdb' was not found with 'glfw3.lib(win32_init.obj)' or at 'C:\Users\ac\Desktop\Gloomy.cc-Fortnite-master\Gloomy.cc-Fortnite-master\x64\Release\glfw3.pdb'; linking object as if no debug info
glfw3.lib(win32_joystick.obj) : warning LNK4099: PDB 'glfw3.pdb' was not found with 'glfw3.lib(win32_joystick.obj)' or at 'C:\Users\ac\Desktop\Gloomy.cc-Fortnite-master\Gloomy.cc-Fortnite-master\x64\Release\glfw3.pdb'; linking object as if no debug info
glfw3.lib(win32_monitor.obj) : warning LNK4099: PDB 'glfw3.pdb' was not found with 'glfw3.lib(win32_monitor.obj)' or at 'C:\Users\ac\Desktop\Gloomy.cc-Fortnite-master\Gloomy.cc-Fortnite-master\x64\Release\glfw3.pdb'; linking object as if no debug info
glfw3.lib(win32_time.obj) : warning LNK4099: PDB 'glfw3.pdb' was not found with 'glfw3.lib(win32_time.obj)' or at 'C:\Users\ac\Desktop\Gloomy.cc-Fortnite-master\Gloomy.cc-Fortnite-master\x64\Release\glfw3.pdb'; linking object as if no debug info
glfw3.lib(win32_thread.obj) : warning LNK4099: PDB 'glfw3.pdb' was not found with 'glfw3.lib(win32_thread.obj)' or at 'C:\Users\ac\Desktop\Gloomy.cc-Fortnite-master\Gloomy.cc-Fortnite-master\x64\Release\glfw3.pdb'; linking object as if no debug info
glfw3.lib(win32_window.obj) : warning LNK4099: PDB 'glfw3.pdb' was not found with 'glfw3.lib(win32_window.obj)' or at 'C:\Users\ac\Desktop\Gloomy.cc-Fortnite-master\Gloomy.cc-Fortnite-master\x64\Release\glfw3.pdb'; linking object as if no debug info
glfw3.lib(wgl_context.obj) : warning LNK4099: PDB 'glfw3.pdb' was not found with 'glfw3.lib(wgl_context.obj)' or at 'C:\Users\ac\Desktop\Gloomy.cc-Fortnite-master\Gloomy.cc-Fortnite-master\x64\Release\glfw3.pdb'; linking object as if no debug info
glfw3.lib(egl_context.obj) : warning LNK4099: PDB 'glfw3.pdb' was not found with 'glfw3.lib(egl_context.obj)' or at 'C:\Users\ac\Desktop\Gloomy.cc-Fortnite-master\Gloomy.cc-Fortnite-master\x64\Release\glfw3.pdb'; linking object as if no debug info
glfw3.lib(osmesa_context.obj) : warning LNK4099: PDB 'glfw3.pdb' was not found with 'glfw3.lib(osmesa_context.obj)' or at 'C:\Users\ac\Desktop\Gloomy.cc-Fortnite-master\Gloomy.cc-Fortnite-master\x64\Release\glfw3.pdb'; linking object as if no debug info
  Fortnite.vcxproj -> C:\Users\ac\Desktop\Gloomy.cc-Fortnite-master\Gloomy.cc-Fortnite-master\x64\Release\Fortnite.exe
